<?xml version="1.0" encoding="UTF-8"?>
<coverage generated="1690280806447" clover="3.2.0">
  <project timestamp="1690280806447" name="All files">
    <metrics statements="71" coveredstatements="63" conditionals="12" coveredconditionals="9" methods="23" coveredmethods="18" elements="106" coveredelements="90" complexity="0" loc="71" ncloc="71" packages="1" files="4" classes="4"/>
    <file name="Floorplan.jsx" path="C:\Users\Darre\Projects\ShopNav\src\components\Floorplan.jsx">
      <metrics statements="45" coveredstatements="37" conditionals="8" coveredconditionals="5" methods="15" coveredmethods="10"/>
      <line num="15" count="14" type="stmt"/>
      <line num="16" count="14" type="stmt"/>
      <line num="17" count="14" type="stmt"/>
      <line num="18" count="14" type="stmt"/>
      <line num="20" count="14" type="stmt"/>
      <line num="21" count="3" type="stmt"/>
      <line num="22" count="3" type="stmt"/>
      <line num="23" count="3" type="cond" truecount="1" falsecount="1"/>
      <line num="24" count="3" type="stmt"/>
      <line num="25" count="3" type="stmt"/>
      <line num="26" count="2" type="stmt"/>
      <line num="27" count="2" type="stmt"/>
      <line num="28" count="2" type="stmt"/>
      <line num="31" count="1" type="stmt"/>
      <line num="38" count="1" type="stmt"/>
      <line num="45" count="3" type="stmt"/>
      <line num="48" count="3" type="stmt"/>
      <line num="51" count="14" type="stmt"/>
      <line num="52" count="14" type="stmt"/>
      <line num="53" count="14" type="stmt"/>
      <line num="55" count="14" type="stmt"/>
      <line num="58" count="0" type="stmt"/>
      <line num="61" count="0" type="stmt"/>
      <line num="62" count="0" type="stmt"/>
      <line num="63" count="0" type="stmt"/>
      <line num="64" count="0" type="stmt"/>
      <line num="67" count="14" type="stmt"/>
      <line num="68" count="14" type="stmt"/>
      <line num="70" count="14" type="stmt"/>
      <line num="73" count="0" type="stmt"/>
      <line num="76" count="0" type="stmt"/>
      <line num="79" count="14" type="stmt"/>
      <line num="87" count="14" type="stmt"/>
      <line num="89" count="14" type="cond" truecount="2" falsecount="0"/>
      <line num="106" count="14" type="stmt"/>
      <line num="108" count="14" type="cond" truecount="2" falsecount="0"/>
      <line num="109" count="7" type="stmt"/>
      <line num="110" count="7" type="stmt"/>
      <line num="111" count="7" type="stmt"/>
      <line num="123" count="7" type="stmt"/>
      <line num="126" count="4" type="stmt"/>
      <line num="128" count="4" type="stmt"/>
      <line num="135" count="0" type="stmt"/>
      <line num="152" count="1" type="stmt"/>
      <line num="167" count="1" type="stmt"/>
    </file>
    <file name="LevelButtons.jsx" path="C:\Users\Darre\Projects\ShopNav\src\components\LevelButtons.jsx">
      <metrics statements="11" coveredstatements="11" conditionals="2" coveredconditionals="2" methods="5" coveredmethods="5"/>
      <line num="11" count="6" type="stmt"/>
      <line num="13" count="6" type="stmt"/>
      <line num="14" count="3" type="stmt"/>
      <line num="15" count="3" type="stmt"/>
      <line num="16" count="3" type="stmt"/>
      <line num="17" count="3" type="stmt"/>
      <line num="21" count="6" type="stmt"/>
      <line num="24" count="6" type="stmt"/>
      <line num="30" count="1" type="stmt"/>
      <line num="39" count="1" type="stmt"/>
      <line num="65" count="1" type="stmt"/>
    </file>
    <file name="StoreInput.jsx" path="C:\Users\Darre\Projects\ShopNav\src\components\StoreInput.jsx">
      <metrics statements="4" coveredstatements="4" conditionals="0" coveredconditionals="0" methods="1" coveredmethods="1"/>
      <line num="11" count="1" type="stmt"/>
      <line num="24" count="1" type="stmt"/>
      <line num="38" count="1" type="stmt"/>
      <line num="45" count="1" type="stmt"/>
    </file>
    <file name="UploadButton.jsx" path="C:\Users\Darre\Projects\ShopNav\src\components\UploadButton.jsx">
      <metrics statements="11" coveredstatements="11" conditionals="2" coveredconditionals="2" methods="2" coveredmethods="2"/>
      <line num="13" count="6" type="stmt"/>
      <line num="15" count="6" type="stmt"/>
      <line num="16" count="2" type="stmt"/>
      <line num="18" count="2" type="stmt"/>
      <line num="19" count="2" type="stmt"/>
      <line num="20" count="1" type="stmt"/>
      <line num="22" count="1" type="stmt"/>
      <line num="28" count="2" type="stmt"/>
      <line num="32" count="6" type="cond" truecount="2" falsecount="0"/>
      <line num="47" count="1" type="stmt"/>
      <line num="52" count="1" type="stmt"/>
    </file>
  </project>
</coverage>
