{"C:\\Users\\Darre\\Projects\\ShopNav\\src\\app\\_layout.jsx": {"path":"C:\\Users\\Darre\\Projects\\ShopNav\\src\\app\\_layout.jsx","statementMap":{"0":{"start":{"line":10,"column":2},"end":{"line":51,"column":4}},"1":{"start":{"line":55,"column":2},"end":{"line":75,"column":4}}},"fnMap":{"0":{"name":"Layout","decl":{"start":{"line":9,"column":24},"end":{"line":9,"column":30}},"loc":{"start":{"line":9,"column":33},"end":{"line":52,"column":1}},"line":9},"1":{"name":"Icons","decl":{"start":{"line":54,"column":9},"end":{"line":54,"column":14}},"loc":{"start":{"line":54,"column":17},"end":{"line":76,"column":1}},"line":54}},"branchMap":{},"s":{"0":6,"1":24},"f":{"0":6,"1":24},"b":{},"_coverageSchema":"1a1c01bbd47fc00a2c39e90264f33305004495a9","hash":"e8950cce5de4f0ab06179f757254562030250a2b"}
,"C:\\Users\\Darre\\Projects\\ShopNav\\src\\app\\developerAccess.jsx": {"path":"C:\\Users\\Darre\\Projects\\ShopNav\\src\\app\\developerAccess.jsx","statementMap":{"0":{"start":{"line":14,"column":26},"end":{"line":14,"column":49}},"1":{"start":{"line":15,"column":36},"end":{"line":15,"column":48}},"2":{"start":{"line":16,"column":36},"end":{"line":16,"column":48}},"3":{"start":{"line":17,"column":34},"end":{"line":17,"column":46}},"4":{"start":{"line":18,"column":30},"end":{"line":18,"column":42}},"5":{"start":{"line":20,"column":21},"end":{"line":29,"column":3}},"6":{"start":{"line":21,"column":19},"end":{"line":24,"column":6}},"7":{"start":{"line":25,"column":4},"end":{"line":28,"column":5}},"8":{"start":{"line":26,"column":6},"end":{"line":26,"column":41}},"9":{"start":{"line":27,"column":6},"end":{"line":27,"column":38}},"10":{"start":{"line":31,"column":28},"end":{"line":37,"column":3}},"11":{"start":{"line":33,"column":23},"end":{"line":33,"column":65}},"12":{"start":{"line":36,"column":4},"end":{"line":36,"column":58}},"13":{"start":{"line":39,"column":2},"end":{"line":86,"column":4}},"14":{"start":{"line":55,"column":31},"end":{"line":55,"column":71}},"15":{"start":{"line":89,"column":15},"end":{"line":106,"column":2}}},"fnMap":{"0":{"name":"DeveloperAccess","decl":{"start":{"line":13,"column":24},"end":{"line":13,"column":39}},"loc":{"start":{"line":13,"column":42},"end":{"line":87,"column":1}},"line":13},"1":{"name":"(anonymous_1)","decl":{"start":{"line":20,"column":21},"end":{"line":20,"column":22}},"loc":{"start":{"line":20,"column":33},"end":{"line":29,"column":3}},"line":20},"2":{"name":"(anonymous_2)","decl":{"start":{"line":31,"column":28},"end":{"line":31,"column":29}},"loc":{"start":{"line":31,"column":40},"end":{"line":37,"column":3}},"line":31},"3":{"name":"(anonymous_3)","decl":{"start":{"line":55,"column":25},"end":{"line":55,"column":26}},"loc":{"start":{"line":55,"column":31},"end":{"line":55,"column":71}},"line":55}},"branchMap":{"0":{"loc":{"start":{"line":25,"column":4},"end":{"line":28,"column":5}},"type":"if","locations":[{"start":{"line":25,"column":4},"end":{"line":28,"column":5}},{"start":{},"end":{}}],"line":25},"1":{"loc":{"start":{"line":41,"column":7},"end":{"line":84,"column":7}},"type":"binary-expr","locations":[{"start":{"line":41,"column":7},"end":{"line":41,"column":18}},{"start":{"line":42,"column":8},"end":{"line":83,"column":11}}],"line":41},"2":{"loc":{"start":{"line":46,"column":21},"end":{"line":46,"column":66}},"type":"cond-expr","locations":[{"start":{"line":46,"column":32},"end":{"line":46,"column":60}},{"start":{"line":46,"column":63},"end":{"line":46,"column":66}}],"line":46}},"s":{"0":13,"1":13,"2":13,"3":13,"4":13,"5":13,"6":2,"7":2,"8":2,"9":2,"10":13,"11":1,"12":1,"13":13,"14":1,"15":2},"f":{"0":13,"1":2,"2":1,"3":1},"b":{"0":[2,0],"1":[13,10],"2":[4,6]},"_coverageSchema":"1a1c01bbd47fc00a2c39e90264f33305004495a9","hash":"62c10423dd1c697bc7da813e3fadaef94684be8b"}
,"C:\\Users\\Darre\\Projects\\ShopNav\\src\\app\\index.jsx": {"path":"C:\\Users\\Darre\\Projects\\ShopNav\\src\\app\\index.jsx","statementMap":{"0":{"start":{"line":22,"column":26},"end":{"line":22,"column":49}},"1":{"start":{"line":23,"column":26},"end":{"line":23,"column":38}},"2":{"start":{"line":24,"column":42},"end":{"line":24,"column":53}},"3":{"start":{"line":25,"column":46},"end":{"line":25,"column":58}},"4":{"start":{"line":26,"column":42},"end":{"line":26,"column":54}},"5":{"start":{"line":27,"column":28},"end":{"line":27,"column":40}},"6":{"start":{"line":28,"column":36},"end":{"line":28,"column":51}},"7":{"start":{"line":30,"column":2},"end":{"line":45,"column":20}},"8":{"start":{"line":31,"column":22},"end":{"line":43,"column":5}},"9":{"start":{"line":32,"column":6},"end":{"line":42,"column":7}},"10":{"start":{"line":33,"column":8},"end":{"line":41,"column":9}},"11":{"start":{"line":34,"column":24},"end":{"line":34,"column":53}},"12":{"start":{"line":35,"column":10},"end":{"line":35,"column":26}},"13":{"start":{"line":36,"column":10},"end":{"line":36,"column":22}},"14":{"start":{"line":38,"column":10},"end":{"line":40,"column":13}},"15":{"start":{"line":44,"column":4},"end":{"line":44,"column":16}},"16":{"start":{"line":47,"column":24},"end":{"line":61,"column":3}},"17":{"start":{"line":48,"column":4},"end":{"line":60,"column":5}},"18":{"start":{"line":49,"column":6},"end":{"line":49,"column":25}},"19":{"start":{"line":50,"column":26},"end":{"line":50,"column":72}},"20":{"start":{"line":51,"column":24},"end":{"line":51,"column":68}},"21":{"start":{"line":52,"column":27},"end":{"line":52,"column":66}},"22":{"start":{"line":53,"column":6},"end":{"line":53,"column":57}},"23":{"start":{"line":55,"column":6},"end":{"line":57,"column":9}},"24":{"start":{"line":59,"column":6},"end":{"line":59,"column":26}},"25":{"start":{"line":63,"column":2},"end":{"line":137,"column":4}},"26":{"start":{"line":140,"column":15},"end":{"line":162,"column":2}}},"fnMap":{"0":{"name":"Directory","decl":{"start":{"line":21,"column":24},"end":{"line":21,"column":33}},"loc":{"start":{"line":21,"column":36},"end":{"line":138,"column":1}},"line":21},"1":{"name":"(anonymous_1)","decl":{"start":{"line":30,"column":12},"end":{"line":30,"column":13}},"loc":{"start":{"line":30,"column":18},"end":{"line":45,"column":3}},"line":30},"2":{"name":"(anonymous_2)","decl":{"start":{"line":31,"column":22},"end":{"line":31,"column":23}},"loc":{"start":{"line":31,"column":34},"end":{"line":43,"column":5}},"line":31},"3":{"name":"(anonymous_3)","decl":{"start":{"line":47,"column":24},"end":{"line":47,"column":25}},"loc":{"start":{"line":47,"column":36},"end":{"line":61,"column":3}},"line":47}},"branchMap":{"0":{"loc":{"start":{"line":32,"column":6},"end":{"line":42,"column":7}},"type":"if","locations":[{"start":{"line":32,"column":6},"end":{"line":42,"column":7}},{"start":{},"end":{}}],"line":32},"1":{"loc":{"start":{"line":53,"column":14},"end":{"line":53,"column":55}},"type":"cond-expr","locations":[{"start":{"line":53,"column":38},"end":{"line":53,"column":50}},{"start":{"line":53,"column":53},"end":{"line":53,"column":55}}],"line":53},"2":{"loc":{"start":{"line":66,"column":18},"end":{"line":66,"column":62}},"type":"cond-expr","locations":[{"start":{"line":66,"column":42},"end":{"line":66,"column":51}},{"start":{"line":66,"column":54},"end":{"line":66,"column":62}}],"line":66},"3":{"loc":{"start":{"line":91,"column":13},"end":{"line":109,"column":13}},"type":"cond-expr","locations":[{"start":{"line":92,"column":14},"end":{"line":99,"column":21}},{"start":{"line":101,"column":14},"end":{"line":108,"column":36}}],"line":91},"4":{"loc":{"start":{"line":112,"column":9},"end":{"line":134,"column":9}},"type":"cond-expr","locations":[{"start":{"line":113,"column":10},"end":{"line":126,"column":13}},{"start":{"line":128,"column":10},"end":{"line":133,"column":12}}],"line":112}},"s":{"0":32,"1":32,"2":32,"3":32,"4":32,"5":32,"6":32,"7":32,"8":17,"9":17,"10":4,"11":4,"12":2,"13":2,"14":2,"15":17,"16":32,"17":2,"18":2,"19":2,"20":1,"21":1,"22":1,"23":1,"24":2,"25":32,"26":2},"f":{"0":32,"1":17,"2":17,"3":2},"b":{"0":[4,13],"1":[0,1],"2":[32,0],"3":[5,27],"4":[13,19]},"_coverageSchema":"1a1c01bbd47fc00a2c39e90264f33305004495a9","hash":"ae0c767e97a0c890a8ddf73b09a43694d88a80ef"}
,"C:\\Users\\Darre\\Projects\\ShopNav\\src\\app\\sign-in.jsx": {"path":"C:\\Users\\Darre\\Projects\\ShopNav\\src\\app\\sign-in.jsx","statementMap":{"0":{"start":{"line":15,"column":28},"end":{"line":15,"column":40}},"1":{"start":{"line":16,"column":34},"end":{"line":16,"column":46}},"2":{"start":{"line":17,"column":27},"end":{"line":17,"column":50}},"3":{"start":{"line":18,"column":36},"end":{"line":18,"column":51}},"4":{"start":{"line":19,"column":2},"end":{"line":24,"column":13}},"5":{"start":{"line":20,"column":4},"end":{"line":23,"column":5}},"6":{"start":{"line":22,"column":6},"end":{"line":22,"column":41}},"7":{"start":{"line":26,"column":23},"end":{"line":37,"column":3}},"8":{"start":{"line":27,"column":4},"end":{"line":36,"column":5}},"9":{"start":{"line":28,"column":6},"end":{"line":28,"column":25}},"10":{"start":{"line":29,"column":6},"end":{"line":29,"column":36}},"11":{"start":{"line":31,"column":6},"end":{"line":33,"column":9}},"12":{"start":{"line":35,"column":6},"end":{"line":35,"column":26}},"13":{"start":{"line":39,"column":2},"end":{"line":82,"column":4}},"14":{"start":{"line":85,"column":15},"end":{"line":105,"column":2}}},"fnMap":{"0":{"name":"SignIn","decl":{"start":{"line":14,"column":24},"end":{"line":14,"column":30}},"loc":{"start":{"line":14,"column":33},"end":{"line":83,"column":1}},"line":14},"1":{"name":"(anonymous_1)","decl":{"start":{"line":19,"column":12},"end":{"line":19,"column":13}},"loc":{"start":{"line":19,"column":18},"end":{"line":24,"column":3}},"line":19},"2":{"name":"(anonymous_2)","decl":{"start":{"line":26,"column":23},"end":{"line":26,"column":24}},"loc":{"start":{"line":26,"column":35},"end":{"line":37,"column":3}},"line":26}},"branchMap":{"0":{"loc":{"start":{"line":20,"column":4},"end":{"line":23,"column":5}},"type":"if","locations":[{"start":{"line":20,"column":4},"end":{"line":23,"column":5}},{"start":{},"end":{}}],"line":20},"1":{"loc":{"start":{"line":68,"column":9},"end":{"line":79,"column":9}},"type":"cond-expr","locations":[{"start":{"line":69,"column":10},"end":{"line":74,"column":12}},{"start":{"line":76,"column":10},"end":{"line":78,"column":29}}],"line":68}},"s":{"0":17,"1":17,"2":17,"3":17,"4":17,"5":6,"6":1,"7":17,"8":3,"9":3,"10":3,"11":1,"12":3,"13":17,"14":2},"f":{"0":17,"1":6,"2":3},"b":{"0":[1,5],"1":[2,15]},"_coverageSchema":"1a1c01bbd47fc00a2c39e90264f33305004495a9","hash":"38a1305d91bb391e04daf12a03deebcb5be5cc21"}
,"C:\\Users\\Darre\\Projects\\ShopNav\\src\\app\\storeDetails.jsx": {"path":"C:\\Users\\Darre\\Projects\\ShopNav\\src\\app\\storeDetails.jsx","statementMap":{"0":{"start":{"line":21,"column":40},"end":{"line":21,"column":54}},"1":{"start":{"line":23,"column":25},"end":{"line":25,"column":3}},"2":{"start":{"line":24,"column":4},"end":{"line":24,"column":33}},"3":{"start":{"line":27,"column":42},"end":{"line":27,"column":56}},"4":{"start":{"line":30,"column":44},"end":{"line":30,"column":66}},"5":{"start":{"line":33,"column":2},"end":{"line":48,"column":16}},"6":{"start":{"line":34,"column":25},"end":{"line":46,"column":5}},"7":{"start":{"line":35,"column":6},"end":{"line":45,"column":7}},"8":{"start":{"line":37,"column":24},"end":{"line":37,"column":51}},"9":{"start":{"line":39,"column":24},"end":{"line":39,"column":56}},"10":{"start":{"line":40,"column":8},"end":{"line":40,"column":33}},"11":{"start":{"line":42,"column":8},"end":{"line":44,"column":11}},"12":{"start":{"line":47,"column":4},"end":{"line":47,"column":19}},"13":{"start":{"line":50,"column":2},"end":{"line":165,"column":4}},"14":{"start":{"line":143,"column":14},"end":{"line":145,"column":21}},"15":{"start":{"line":168,"column":15},"end":{"line":199,"column":2}}},"fnMap":{"0":{"name":"StoreDetails","decl":{"start":{"line":19,"column":24},"end":{"line":19,"column":36}},"loc":{"start":{"line":19,"column":39},"end":{"line":166,"column":1}},"line":19},"1":{"name":"(anonymous_1)","decl":{"start":{"line":23,"column":25},"end":{"line":23,"column":26}},"loc":{"start":{"line":23,"column":31},"end":{"line":25,"column":3}},"line":23},"2":{"name":"(anonymous_2)","decl":{"start":{"line":33,"column":12},"end":{"line":33,"column":13}},"loc":{"start":{"line":33,"column":18},"end":{"line":48,"column":3}},"line":33},"3":{"name":"(anonymous_3)","decl":{"start":{"line":34,"column":25},"end":{"line":34,"column":26}},"loc":{"start":{"line":34,"column":37},"end":{"line":46,"column":5}},"line":34},"4":{"name":"(anonymous_4)","decl":{"start":{"line":142,"column":56},"end":{"line":142,"column":57}},"loc":{"start":{"line":143,"column":14},"end":{"line":145,"column":21}},"line":143}},"branchMap":{"0":{"loc":{"start":{"line":52,"column":7},"end":{"line":163,"column":7}},"type":"cond-expr","locations":[{"start":{"line":53,"column":8},"end":{"line":58,"column":10}},{"start":{"line":60,"column":8},"end":{"line":162,"column":21}}],"line":52},"1":{"loc":{"start":{"line":62,"column":11},"end":{"line":64,"column":11}},"type":"binary-expr","locations":[{"start":{"line":62,"column":11},"end":{"line":62,"column":30}},{"start":{"line":63,"column":12},"end":{"line":63,"column":58}}],"line":62},"2":{"loc":{"start":{"line":73,"column":11},"end":{"line":103,"column":11}},"type":"binary-expr","locations":[{"start":{"line":73,"column":11},"end":{"line":73,"column":39}},{"start":{"line":74,"column":12},"end":{"line":102,"column":19}}],"line":73},"3":{"loc":{"start":{"line":77,"column":18},"end":{"line":79,"column":36}},"type":"cond-expr","locations":[{"start":{"line":78,"column":22},"end":{"line":78,"column":36}},{"start":{"line":79,"column":22},"end":{"line":79,"column":36}}],"line":77},"4":{"loc":{"start":{"line":83,"column":18},"end":{"line":85,"column":27}},"type":"cond-expr","locations":[{"start":{"line":84,"column":22},"end":{"line":84,"column":29}},{"start":{"line":85,"column":22},"end":{"line":85,"column":27}}],"line":83},"5":{"loc":{"start":{"line":93,"column":22},"end":{"line":95,"column":31}},"type":"cond-expr","locations":[{"start":{"line":94,"column":26},"end":{"line":94,"column":33}},{"start":{"line":95,"column":26},"end":{"line":95,"column":31}}],"line":93},"6":{"loc":{"start":{"line":104,"column":11},"end":{"line":111,"column":11}},"type":"binary-expr","locations":[{"start":{"line":104,"column":11},"end":{"line":104,"column":46}},{"start":{"line":105,"column":12},"end":{"line":110,"column":19}}],"line":104},"7":{"loc":{"start":{"line":112,"column":11},"end":{"line":139,"column":11}},"type":"binary-expr","locations":[{"start":{"line":112,"column":11},"end":{"line":112,"column":37}},{"start":{"line":113,"column":12},"end":{"line":138,"column":31}}],"line":112},"8":{"loc":{"start":{"line":124,"column":27},"end":{"line":126,"column":29}},"type":"cond-expr","locations":[{"start":{"line":125,"column":24},"end":{"line":125,"column":31}},{"start":{"line":126,"column":24},"end":{"line":126,"column":29}}],"line":124},"9":{"loc":{"start":{"line":130,"column":17},"end":{"line":130,"column":72}},"type":"cond-expr","locations":[{"start":{"line":130,"column":55},"end":{"line":130,"column":61}},{"start":{"line":130,"column":64},"end":{"line":130,"column":72}}],"line":130},"10":{"loc":{"start":{"line":133,"column":22},"end":{"line":133,"column":75}},"type":"cond-expr","locations":[{"start":{"line":133,"column":36},"end":{"line":133,"column":55}},{"start":{"line":133,"column":58},"end":{"line":133,"column":75}}],"line":133},"11":{"loc":{"start":{"line":141,"column":11},"end":{"line":146,"column":14}},"type":"binary-expr","locations":[{"start":{"line":141,"column":11},"end":{"line":141,"column":23}},{"start":{"line":142,"column":12},"end":{"line":146,"column":14}}],"line":141},"12":{"loc":{"start":{"line":147,"column":11},"end":{"line":152,"column":18}},"type":"cond-expr","locations":[{"start":{"line":148,"column":12},"end":{"line":151,"column":19}},{"start":{"line":152,"column":14},"end":{"line":152,"column":18}}],"line":147},"13":{"loc":{"start":{"line":153,"column":11},"end":{"line":161,"column":11}},"type":"binary-expr","locations":[{"start":{"line":153,"column":11},"end":{"line":153,"column":31}},{"start":{"line":154,"column":12},"end":{"line":160,"column":15}}],"line":153}},"s":{"0":15,"1":15,"2":2,"3":15,"4":15,"5":15,"6":7,"7":7,"8":7,"9":7,"10":6,"11":1,"12":7,"13":15,"14":2,"15":2},"f":{"0":15,"1":2,"2":7,"3":7,"4":2},"b":{"0":[10,5],"1":[5,0],"2":[5,5],"3":[5,0],"4":[5,0],"5":[5,0],"6":[5,5],"7":[5,5],"8":[5,0],"9":[5,0],"10":[4,1],"11":[5,1],"12":[5,0],"13":[5,0]},"_coverageSchema":"1a1c01bbd47fc00a2c39e90264f33305004495a9","hash":"f1c90731d0df4e8a73caaf7ba8f5f5ec747ca8c9"}
,"C:\\Users\\Darre\\Projects\\ShopNav\\src\\app\\storeSearch.jsx": {"path":"C:\\Users\\Darre\\Projects\\ShopNav\\src\\app\\storeSearch.jsx","statementMap":{"0":{"start":{"line":15,"column":26},"end":{"line":15,"column":49}},"1":{"start":{"line":16,"column":28},"end":{"line":16,"column":40}},"2":{"start":{"line":17,"column":34},"end":{"line":17,"column":46}},"3":{"start":{"line":18,"column":42},"end":{"line":18,"column":54}},"4":{"start":{"line":19,"column":36},"end":{"line":19,"column":51}},"5":{"start":{"line":21,"column":2},"end":{"line":44,"column":20}},"6":{"start":{"line":22,"column":23},"end":{"line":40,"column":5}},"7":{"start":{"line":23,"column":6},"end":{"line":39,"column":7}},"8":{"start":{"line":24,"column":8},"end":{"line":24,"column":27}},"9":{"start":{"line":25,"column":26},"end":{"line":25,"column":59}},"10":{"start":{"line":26,"column":8},"end":{"line":32,"column":9}},"11":{"start":{"line":27,"column":10},"end":{"line":29,"column":12}},"12":{"start":{"line":28,"column":12},"end":{"line":28,"column":68}},"13":{"start":{"line":30,"column":10},"end":{"line":30,"column":33}},"14":{"start":{"line":31,"column":10},"end":{"line":31,"column":37}},"15":{"start":{"line":34,"column":8},"end":{"line":36,"column":11}},"16":{"start":{"line":38,"column":8},"end":{"line":38,"column":28}},"17":{"start":{"line":41,"column":4},"end":{"line":43,"column":5}},"18":{"start":{"line":42,"column":6},"end":{"line":42,"column":19}},"19":{"start":{"line":46,"column":2},"end":{"line":52,"column":24}},"20":{"start":{"line":47,"column":4},"end":{"line":51,"column":5}},"21":{"start":{"line":48,"column":6},"end":{"line":48,"column":53}},"22":{"start":{"line":50,"column":6},"end":{"line":50,"column":32}},"23":{"start":{"line":54,"column":2},"end":{"line":68,"column":4}},"24":{"start":{"line":71,"column":15},"end":{"line":79,"column":2}}},"fnMap":{"0":{"name":"StoreSearch","decl":{"start":{"line":14,"column":24},"end":{"line":14,"column":35}},"loc":{"start":{"line":14,"column":38},"end":{"line":69,"column":1}},"line":14},"1":{"name":"(anonymous_1)","decl":{"start":{"line":21,"column":12},"end":{"line":21,"column":13}},"loc":{"start":{"line":21,"column":18},"end":{"line":44,"column":3}},"line":21},"2":{"name":"(anonymous_2)","decl":{"start":{"line":22,"column":23},"end":{"line":22,"column":24}},"loc":{"start":{"line":22,"column":35},"end":{"line":40,"column":5}},"line":22},"3":{"name":"(anonymous_3)","decl":{"start":{"line":27,"column":25},"end":{"line":27,"column":26}},"loc":{"start":{"line":28,"column":12},"end":{"line":28,"column":68}},"line":28},"4":{"name":"(anonymous_4)","decl":{"start":{"line":46,"column":12},"end":{"line":46,"column":13}},"loc":{"start":{"line":46,"column":18},"end":{"line":52,"column":3}},"line":46}},"branchMap":{"0":{"loc":{"start":{"line":26,"column":8},"end":{"line":32,"column":9}},"type":"if","locations":[{"start":{"line":26,"column":8},"end":{"line":32,"column":9}},{"start":{},"end":{}}],"line":26},"1":{"loc":{"start":{"line":41,"column":4},"end":{"line":43,"column":5}},"type":"if","locations":[{"start":{"line":41,"column":4},"end":{"line":43,"column":5}},{"start":{},"end":{}}],"line":41},"2":{"loc":{"start":{"line":47,"column":4},"end":{"line":51,"column":5}},"type":"if","locations":[{"start":{"line":47,"column":4},"end":{"line":51,"column":5}},{"start":{"line":49,"column":11},"end":{"line":51,"column":5}}],"line":47},"3":{"loc":{"start":{"line":57,"column":7},"end":{"line":66,"column":7}},"type":"cond-expr","locations":[{"start":{"line":58,"column":8},"end":{"line":63,"column":10}},{"start":{"line":65,"column":8},"end":{"line":65,"column":41}}],"line":57}},"s":{"0":28,"1":28,"2":28,"3":28,"4":28,"5":28,"6":7,"7":5,"8":5,"9":5,"10":4,"11":3,"12":3,"13":3,"14":3,"15":1,"16":5,"17":7,"18":5,"19":28,"20":10,"21":2,"22":8,"23":28,"24":2},"f":{"0":28,"1":7,"2":5,"3":3,"4":10},"b":{"0":[3,1],"1":[5,2],"2":[2,8],"3":[13,15]},"_coverageSchema":"1a1c01bbd47fc00a2c39e90264f33305004495a9","hash":"6e16b64ba1a856470517c75722cac776a09e6a2d"}
,"C:\\Users\\Darre\\Projects\\ShopNav\\src\\app\\context\\auth.jsx": {"path":"C:\\Users\\Darre\\Projects\\ShopNav\\src\\app\\context\\auth.jsx","statementMap":{"0":{"start":{"line":11,"column":27},"end":{"line":11,"column":44}},"1":{"start":{"line":14,"column":26},"end":{"line":14,"column":40}},"2":{"start":{"line":16,"column":2},"end":{"line":24,"column":9}},"3":{"start":{"line":17,"column":4},"end":{"line":23,"column":7}},"4":{"start":{"line":18,"column":6},"end":{"line":22,"column":7}},"5":{"start":{"line":19,"column":8},"end":{"line":19,"column":27}},"6":{"start":{"line":21,"column":8},"end":{"line":21,"column":22}},"7":{"start":{"line":26,"column":27},"end":{"line":38,"column":3}},"8":{"start":{"line":27,"column":11},"end":{"line":36,"column":5}},"9":{"start":{"line":31,"column":8},"end":{"line":31,"column":64}},"10":{"start":{"line":34,"column":8},"end":{"line":34,"column":28}},"11":{"start":{"line":40,"column":2},"end":{"line":44,"column":4}},"12":{"start":{"line":47,"column":0},"end":{"line":49,"column":2}}},"fnMap":{"0":{"name":"AuthProvider","decl":{"start":{"line":13,"column":16},"end":{"line":13,"column":28}},"loc":{"start":{"line":13,"column":43},"end":{"line":45,"column":1}},"line":13},"1":{"name":"(anonymous_1)","decl":{"start":{"line":16,"column":12},"end":{"line":16,"column":13}},"loc":{"start":{"line":16,"column":18},"end":{"line":24,"column":3}},"line":16},"2":{"name":"(anonymous_2)","decl":{"start":{"line":17,"column":29},"end":{"line":17,"column":30}},"loc":{"start":{"line":17,"column":44},"end":{"line":23,"column":5}},"line":17},"3":{"name":"(anonymous_3)","decl":{"start":{"line":27,"column":4},"end":{"line":27,"column":5}},"loc":{"start":{"line":27,"column":11},"end":{"line":36,"column":5}},"line":27},"4":{"name":"(anonymous_4)","decl":{"start":{"line":30,"column":14},"end":{"line":30,"column":15}},"loc":{"start":{"line":30,"column":41},"end":{"line":32,"column":7}},"line":30},"5":{"name":"(anonymous_5)","decl":{"start":{"line":33,"column":15},"end":{"line":33,"column":16}},"loc":{"start":{"line":33,"column":27},"end":{"line":35,"column":7}},"line":33}},"branchMap":{"0":{"loc":{"start":{"line":18,"column":6},"end":{"line":22,"column":7}},"type":"if","locations":[{"start":{"line":18,"column":6},"end":{"line":22,"column":7}},{"start":{"line":20,"column":13},"end":{"line":22,"column":7}}],"line":18}},"s":{"0":3,"1":6,"2":6,"3":6,"4":0,"5":0,"6":0,"7":6,"8":6,"9":0,"10":0,"11":6,"12":3},"f":{"0":6,"1":6,"2":0,"3":6,"4":0,"5":0},"b":{"0":[0,0]},"_coverageSchema":"1a1c01bbd47fc00a2c39e90264f33305004495a9","hash":"50da9b26150a29cad0d407c808e9ed139c429cf5"}
,"C:\\Users\\Darre\\Projects\\ShopNav\\src\\app\\context\\mallProvider.jsx": {"path":"C:\\Users\\Darre\\Projects\\ShopNav\\src\\app\\context\\mallProvider.jsx","statementMap":{"0":{"start":{"line":6,"column":27},"end":{"line":6,"column":42}},"1":{"start":{"line":9,"column":28},"end":{"line":9,"column":40}},"2":{"start":{"line":10,"column":40},"end":{"line":10,"column":54}},"3":{"start":{"line":12,"column":2},"end":{"line":25,"column":9}},"4":{"start":{"line":13,"column":28},"end":{"line":23,"column":5}},"5":{"start":{"line":14,"column":6},"end":{"line":22,"column":7}},"6":{"start":{"line":15,"column":25},"end":{"line":15,"column":43}},"7":{"start":{"line":16,"column":8},"end":{"line":16,"column":27}},"8":{"start":{"line":17,"column":8},"end":{"line":17,"column":36}},"9":{"start":{"line":19,"column":8},"end":{"line":21,"column":11}},"10":{"start":{"line":24,"column":4},"end":{"line":24,"column":22}},"11":{"start":{"line":26,"column":16},"end":{"line":29,"column":3}},"12":{"start":{"line":27,"column":11},"end":{"line":27,"column":49}},"13":{"start":{"line":31,"column":2},"end":{"line":31,"column":79}},"14":{"start":{"line":34,"column":0},"end":{"line":36,"column":2}}},"fnMap":{"0":{"name":"MallProvider","decl":{"start":{"line":8,"column":16},"end":{"line":8,"column":28}},"loc":{"start":{"line":8,"column":43},"end":{"line":32,"column":1}},"line":8},"1":{"name":"(anonymous_1)","decl":{"start":{"line":12,"column":12},"end":{"line":12,"column":13}},"loc":{"start":{"line":12,"column":18},"end":{"line":25,"column":3}},"line":12},"2":{"name":"(anonymous_2)","decl":{"start":{"line":13,"column":28},"end":{"line":13,"column":29}},"loc":{"start":{"line":13,"column":40},"end":{"line":23,"column":5}},"line":13},"3":{"name":"(anonymous_3)","decl":{"start":{"line":27,"column":4},"end":{"line":27,"column":5}},"loc":{"start":{"line":27,"column":11},"end":{"line":27,"column":49}},"line":27}},"branchMap":{},"s":{"0":5,"1":18,"2":18,"3":18,"4":6,"5":6,"6":6,"7":6,"8":6,"9":0,"10":6,"11":18,"12":18,"13":18,"14":5},"f":{"0":18,"1":6,"2":6,"3":18},"b":{},"_coverageSchema":"1a1c01bbd47fc00a2c39e90264f33305004495a9","hash":"a10c91b9adae5d8580ddd0dd1846e7fff758eaaa"}
,"C:\\Users\\Darre\\Projects\\ShopNav\\src\\components\\Floorplan.jsx": {"path":"C:\\Users\\Darre\\Projects\\ShopNav\\src\\components\\Floorplan.jsx","statementMap":{"0":{"start":{"line":15,"column":30},"end":{"line":15,"column":44}},"1":{"start":{"line":16,"column":36},"end":{"line":16,"column":51}},"2":{"start":{"line":17,"column":30},"end":{"line":17,"column":45}},"3":{"start":{"line":18,"column":36},"end":{"line":18,"column":48}},"4":{"start":{"line":20,"column":2},"end":{"line":47,"column":42}},"5":{"start":{"line":21,"column":22},"end":{"line":45,"column":5}},"6":{"start":{"line":22,"column":6},"end":{"line":44,"column":7}},"7":{"start":{"line":23,"column":8},"end":{"line":23,"column":27}},"8":{"start":{"line":24,"column":20},"end":{"line":24,"column":64}},"9":{"start":{"line":25,"column":8},"end":{"line":25,"column":23}},"10":{"start":{"line":26,"column":23},"end":{"line":26,"column":56}},"11":{"start":{"line":27,"column":8},"end":{"line":27,"column":29}},"12":{"start":{"line":29,"column":8},"end":{"line":41,"column":10}},"13":{"start":{"line":36,"column":16},"end":{"line":36,"column":55}},"14":{"start":{"line":36,"column":42},"end":{"line":36,"column":53}},"15":{"start":{"line":43,"column":8},"end":{"line":43,"column":28}},"16":{"start":{"line":46,"column":4},"end":{"line":46,"column":16}},"17":{"start":{"line":49,"column":18},"end":{"line":49,"column":48}},"18":{"start":{"line":50,"column":21},"end":{"line":50,"column":38}},"19":{"start":{"line":51,"column":21},"end":{"line":51,"column":38}},"20":{"start":{"line":53,"column":21},"end":{"line":63,"column":6}},"21":{"start":{"line":56,"column":6},"end":{"line":56,"column":67}},"22":{"start":{"line":59,"column":19},"end":{"line":59,"column":55}},"23":{"start":{"line":60,"column":19},"end":{"line":60,"column":55}},"24":{"start":{"line":61,"column":6},"end":{"line":61,"column":61}},"25":{"start":{"line":62,"column":6},"end":{"line":62,"column":61}},"26":{"start":{"line":65,"column":16},"end":{"line":65,"column":33}},"27":{"start":{"line":66,"column":21},"end":{"line":66,"column":38}},"28":{"start":{"line":68,"column":23},"end":{"line":75,"column":6}},"29":{"start":{"line":71,"column":6},"end":{"line":71,"column":47}},"30":{"start":{"line":74,"column":6},"end":{"line":74,"column":37}},"31":{"start":{"line":77,"column":24},"end":{"line":83,"column":5}},"32":{"start":{"line":77,"column":48},"end":{"line":83,"column":3}},"33":{"start":{"line":85,"column":19},"end":{"line":85,"column":65}},"34":{"start":{"line":87,"column":2},"end":{"line":149,"column":4}},"35":{"start":{"line":105,"column":30},"end":{"line":105,"column":57}},"36":{"start":{"line":107,"column":14},"end":{"line":122,"column":15}},"37":{"start":{"line":108,"column":36},"end":{"line":108,"column":40}},"38":{"start":{"line":109,"column":33},"end":{"line":109,"column":54}},"39":{"start":{"line":110,"column":28},"end":{"line":110,"column":139}},"40":{"start":{"line":111,"column":16},"end":{"line":121,"column":18}},"41":{"start":{"line":123,"column":14},"end":{"line":123,"column":26}},"42":{"start":{"line":126,"column":31},"end":{"line":126,"column":59}},"43":{"start":{"line":128,"column":14},"end":{"line":144,"column":16}},"44":{"start":{"line":135,"column":18},"end":{"line":142,"column":20}},"45":{"start":{"line":152,"column":0},"end":{"line":164,"column":2}},"46":{"start":{"line":166,"column":15},"end":{"line":177,"column":2}}},"fnMap":{"0":{"name":"Floorplan","decl":{"start":{"line":14,"column":24},"end":{"line":14,"column":33}},"loc":{"start":{"line":14,"column":71},"end":{"line":150,"column":1}},"line":14},"1":{"name":"(anonymous_1)","decl":{"start":{"line":20,"column":12},"end":{"line":20,"column":13}},"loc":{"start":{"line":20,"column":18},"end":{"line":47,"column":3}},"line":20},"2":{"name":"(anonymous_2)","decl":{"start":{"line":21,"column":22},"end":{"line":21,"column":23}},"loc":{"start":{"line":21,"column":34},"end":{"line":45,"column":5}},"line":21},"3":{"name":"(anonymous_3)","decl":{"start":{"line":35,"column":23},"end":{"line":35,"column":24}},"loc":{"start":{"line":35,"column":29},"end":{"line":37,"column":15}},"line":35},"4":{"name":"(anonymous_4)","decl":{"start":{"line":36,"column":26},"end":{"line":36,"column":27}},"loc":{"start":{"line":36,"column":42},"end":{"line":36,"column":53}},"line":36},"5":{"name":"(anonymous_5)","decl":{"start":{"line":55,"column":13},"end":{"line":55,"column":14}},"loc":{"start":{"line":55,"column":19},"end":{"line":57,"column":5}},"line":55},"6":{"name":"(anonymous_6)","decl":{"start":{"line":58,"column":14},"end":{"line":58,"column":15}},"loc":{"start":{"line":58,"column":25},"end":{"line":63,"column":5}},"line":58},"7":{"name":"(anonymous_7)","decl":{"start":{"line":70,"column":14},"end":{"line":70,"column":15}},"loc":{"start":{"line":70,"column":21},"end":{"line":72,"column":5}},"line":70},"8":{"name":"(anonymous_8)","decl":{"start":{"line":73,"column":11},"end":{"line":73,"column":12}},"loc":{"start":{"line":73,"column":17},"end":{"line":75,"column":5}},"line":73},"9":{"name":"(anonymous_9)","decl":{"start":{"line":77,"column":41},"end":{"line":77,"column":42}},"loc":{"start":{"line":77,"column":48},"end":{"line":83,"column":3}},"line":77},"10":{"name":"(anonymous_10)","decl":{"start":{"line":105,"column":20},"end":{"line":105,"column":21}},"loc":{"start":{"line":105,"column":30},"end":{"line":105,"column":57}},"line":105},"11":{"name":"(anonymous_11)","decl":{"start":{"line":106,"column":17},"end":{"line":106,"column":18}},"loc":{"start":{"line":106,"column":46},"end":{"line":124,"column":13}},"line":106},"12":{"name":"(anonymous_12)","decl":{"start":{"line":126,"column":20},"end":{"line":126,"column":21}},"loc":{"start":{"line":126,"column":31},"end":{"line":126,"column":59}},"line":126},"13":{"name":"(anonymous_13)","decl":{"start":{"line":127,"column":17},"end":{"line":127,"column":18}},"loc":{"start":{"line":128,"column":14},"end":{"line":144,"column":16}},"line":128},"14":{"name":"(anonymous_14)","decl":{"start":{"line":134,"column":25},"end":{"line":134,"column":26}},"loc":{"start":{"line":135,"column":18},"end":{"line":142,"column":20}},"line":135}},"branchMap":{"0":{"loc":{"start":{"line":87,"column":9},"end":{"line":149,"column":3}},"type":"cond-expr","locations":[{"start":{"line":88,"column":4},"end":{"line":93,"column":6}},{"start":{"line":95,"column":4},"end":{"line":148,"column":22}}],"line":87},"1":{"loc":{"start":{"line":107,"column":14},"end":{"line":122,"column":15}},"type":"if","locations":[{"start":{"line":107,"column":14},"end":{"line":122,"column":15}},{"start":{},"end":{}}],"line":107},"2":{"loc":{"start":{"line":139,"column":33},"end":{"line":139,"column":63}},"type":"cond-expr","locations":[{"start":{"line":139,"column":47},"end":{"line":139,"column":58}},{"start":{"line":139,"column":61},"end":{"line":139,"column":63}}],"line":139}},"s":{"0":48,"1":48,"2":48,"3":48,"4":48,"5":8,"6":8,"7":8,"8":8,"9":7,"10":7,"11":7,"12":1,"13":1,"14":1,"15":8,"16":8,"17":48,"18":48,"19":48,"20":48,"21":0,"22":0,"23":0,"24":0,"25":0,"26":48,"27":48,"28":48,"29":0,"30":0,"31":48,"32":29,"33":48,"34":48,"35":18,"36":18,"37":9,"38":9,"39":9,"40":9,"41":9,"42":10,"43":8,"44":0,"45":3,"46":3},"f":{"0":48,"1":8,"2":8,"3":1,"4":1,"5":0,"6":0,"7":0,"8":0,"9":29,"10":18,"11":18,"12":10,"13":8,"14":0},"b":{"0":[29,19],"1":[9,9],"2":[0,0]},"_coverageSchema":"1a1c01bbd47fc00a2c39e90264f33305004495a9","hash":"134dc5720e288907c1bc9407eb6819102af06e2c"}
,"C:\\Users\\Darre\\Projects\\ShopNav\\src\\components\\ImageCarousel.jsx": {"path":"C:\\Users\\Darre\\Projects\\ShopNav\\src\\components\\ImageCarousel.jsx","statementMap":{"0":{"start":{"line":6,"column":2},"end":{"line":23,"column":4}},"1":{"start":{"line":9,"column":37},"end":{"line":9,"column":53}},"2":{"start":{"line":11,"column":8},"end":{"line":15,"column":10}},"3":{"start":{"line":26,"column":15},"end":{"line":35,"column":2}},"4":{"start":{"line":37,"column":0},"end":{"line":43,"column":2}}},"fnMap":{"0":{"name":"ImageCarousel","decl":{"start":{"line":5,"column":24},"end":{"line":5,"column":37}},"loc":{"start":{"line":5,"column":50},"end":{"line":24,"column":1}},"line":5},"1":{"name":"(anonymous_1)","decl":{"start":{"line":9,"column":20},"end":{"line":9,"column":21}},"loc":{"start":{"line":9,"column":37},"end":{"line":9,"column":53}},"line":9},"2":{"name":"(anonymous_2)","decl":{"start":{"line":10,"column":18},"end":{"line":10,"column":19}},"loc":{"start":{"line":11,"column":8},"end":{"line":15,"column":10}},"line":11}},"branchMap":{},"s":{"0":1,"1":4,"2":3,"3":3,"4":3},"f":{"0":1,"1":4,"2":3},"b":{},"_coverageSchema":"1a1c01bbd47fc00a2c39e90264f33305004495a9","hash":"2ab47832013dfa42cf3c00a8c088fbf24552f1df"}
,"C:\\Users\\Darre\\Projects\\ShopNav\\src\\components\\LevelButtons.jsx": {"path":"C:\\Users\\Darre\\Projects\\ShopNav\\src\\components\\LevelButtons.jsx","statementMap":{"0":{"start":{"line":11,"column":30},"end":{"line":11,"column":42}},"1":{"start":{"line":13,"column":2},"end":{"line":19,"column":37}},"2":{"start":{"line":14,"column":4},"end":{"line":18,"column":9}},"3":{"start":{"line":15,"column":25},"end":{"line":15,"column":55}},"4":{"start":{"line":16,"column":6},"end":{"line":16,"column":28}},"5":{"start":{"line":17,"column":6},"end":{"line":17,"column":37}},"6":{"start":{"line":21,"column":2},"end":{"line":36,"column":4}},"7":{"start":{"line":24,"column":8},"end":{"line":33,"column":27}},"8":{"start":{"line":30,"column":25},"end":{"line":30,"column":47}},"9":{"start":{"line":39,"column":15},"end":{"line":63,"column":2}},"10":{"start":{"line":65,"column":0},"end":{"line":69,"column":2}}},"fnMap":{"0":{"name":"LevelButtons","decl":{"start":{"line":6,"column":24},"end":{"line":6,"column":36}},"loc":{"start":{"line":10,"column":3},"end":{"line":37,"column":1}},"line":10},"1":{"name":"(anonymous_1)","decl":{"start":{"line":13,"column":12},"end":{"line":13,"column":13}},"loc":{"start":{"line":13,"column":18},"end":{"line":19,"column":3}},"line":13},"2":{"name":"(anonymous_2)","decl":{"start":{"line":14,"column":5},"end":{"line":14,"column":6}},"loc":{"start":{"line":14,"column":17},"end":{"line":18,"column":5}},"line":14},"3":{"name":"(anonymous_3)","decl":{"start":{"line":23,"column":18},"end":{"line":23,"column":19}},"loc":{"start":{"line":24,"column":8},"end":{"line":33,"column":27}},"line":24},"4":{"name":"(anonymous_4)","decl":{"start":{"line":30,"column":19},"end":{"line":30,"column":20}},"loc":{"start":{"line":30,"column":25},"end":{"line":30,"column":47}},"line":30}},"branchMap":{"0":{"loc":{"start":{"line":28,"column":12},"end":{"line":28,"column":66}},"type":"cond-expr","locations":[{"start":{"line":28,"column":37},"end":{"line":28,"column":61}},{"start":{"line":28,"column":64},"end":{"line":28,"column":66}}],"line":28}},"s":{"0":23,"1":23,"2":7,"3":7,"4":7,"5":7,"6":23,"7":17,"8":1,"9":3,"10":3},"f":{"0":23,"1":7,"2":7,"3":17,"4":1},"b":{"0":[13,4]},"_coverageSchema":"1a1c01bbd47fc00a2c39e90264f33305004495a9","hash":"82132f6eec61f6063c9cdfde56a2fbc983e447f1"}
,"C:\\Users\\Darre\\Projects\\ShopNav\\src\\components\\MallPicker.jsx": {"path":"C:\\Users\\Darre\\Projects\\ShopNav\\src\\components\\MallPicker.jsx","statementMap":{"0":{"start":{"line":7,"column":42},"end":{"line":7,"column":57}},"1":{"start":{"line":8,"column":49},"end":{"line":8,"column":72}},"2":{"start":{"line":10,"column":23},"end":{"line":13,"column":3}},"3":{"start":{"line":11,"column":4},"end":{"line":11,"column":26}},"4":{"start":{"line":12,"column":4},"end":{"line":12,"column":27}},"5":{"start":{"line":15,"column":2},"end":{"line":44,"column":4}},"6":{"start":{"line":19,"column":23},"end":{"line":19,"column":44}},"7":{"start":{"line":27,"column":30},"end":{"line":27,"column":52}},"8":{"start":{"line":31,"column":12},"end":{"line":39,"column":31}},"9":{"start":{"line":34,"column":29},"end":{"line":34,"column":47}},"10":{"start":{"line":47,"column":15},"end":{"line":73,"column":2}}},"fnMap":{"0":{"name":"MallPicker","decl":{"start":{"line":6,"column":24},"end":{"line":6,"column":34}},"loc":{"start":{"line":6,"column":37},"end":{"line":45,"column":1}},"line":6},"1":{"name":"(anonymous_1)","decl":{"start":{"line":10,"column":23},"end":{"line":10,"column":24}},"loc":{"start":{"line":10,"column":34},"end":{"line":13,"column":3}},"line":10},"2":{"name":"(anonymous_2)","decl":{"start":{"line":19,"column":17},"end":{"line":19,"column":18}},"loc":{"start":{"line":19,"column":23},"end":{"line":19,"column":44}},"line":19},"3":{"name":"(anonymous_3)","decl":{"start":{"line":27,"column":24},"end":{"line":27,"column":25}},"loc":{"start":{"line":27,"column":30},"end":{"line":27,"column":52}},"line":27},"4":{"name":"(anonymous_4)","decl":{"start":{"line":30,"column":21},"end":{"line":30,"column":22}},"loc":{"start":{"line":31,"column":12},"end":{"line":39,"column":31}},"line":31},"5":{"name":"(anonymous_5)","decl":{"start":{"line":34,"column":23},"end":{"line":34,"column":24}},"loc":{"start":{"line":34,"column":29},"end":{"line":34,"column":47}},"line":34}},"branchMap":{"0":{"loc":{"start":{"line":21,"column":15},"end":{"line":21,"column":45}},"type":"binary-expr","locations":[{"start":{"line":21,"column":15},"end":{"line":21,"column":26}},{"start":{"line":21,"column":30},"end":{"line":21,"column":45}}],"line":21}},"s":{"0":31,"1":31,"2":31,"3":1,"4":1,"5":31,"6":1,"7":0,"8":12,"9":1,"10":2},"f":{"0":31,"1":1,"2":1,"3":0,"4":12,"5":1},"b":{"0":[31,27]},"_coverageSchema":"1a1c01bbd47fc00a2c39e90264f33305004495a9","hash":"e9b86e69e4de027b7f1b4a2a0cf4717fb6dc9d8d"}
,"C:\\Users\\Darre\\Projects\\ShopNav\\src\\components\\ReviewCarousel.jsx": {"path":"C:\\Users\\Darre\\Projects\\ShopNav\\src\\components\\ReviewCarousel.jsx","statementMap":{"0":{"start":{"line":6,"column":2},"end":{"line":34,"column":4}},"1":{"start":{"line":9,"column":37},"end":{"line":9,"column":53}},"2":{"start":{"line":11,"column":8},"end":{"line":23,"column":15}},"3":{"start":{"line":37,"column":15},"end":{"line":46,"column":2}},"4":{"start":{"line":48,"column":0},"end":{"line":58,"column":2}}},"fnMap":{"0":{"name":"ReviewCarousel","decl":{"start":{"line":5,"column":24},"end":{"line":5,"column":38}},"loc":{"start":{"line":5,"column":52},"end":{"line":35,"column":1}},"line":5},"1":{"name":"(anonymous_1)","decl":{"start":{"line":9,"column":20},"end":{"line":9,"column":21}},"loc":{"start":{"line":9,"column":37},"end":{"line":9,"column":53}},"line":9},"2":{"name":"(anonymous_2)","decl":{"start":{"line":10,"column":18},"end":{"line":10,"column":19}},"loc":{"start":{"line":11,"column":8},"end":{"line":23,"column":15}},"line":11}},"branchMap":{},"s":{"0":1,"1":3,"2":2,"3":3,"4":3},"f":{"0":1,"1":3,"2":2},"b":{},"_coverageSchema":"1a1c01bbd47fc00a2c39e90264f33305004495a9","hash":"65f5aed3594bda2ec3fbb87900c97474a65e85c4"}
,"C:\\Users\\Darre\\Projects\\ShopNav\\src\\components\\SearchBar.jsx": {"path":"C:\\Users\\Darre\\Projects\\ShopNav\\src\\components\\SearchBar.jsx","statementMap":{"0":{"start":{"line":6,"column":40},"end":{"line":6,"column":52}},"1":{"start":{"line":8,"column":2},"end":{"line":23,"column":4}},"2":{"start":{"line":18,"column":10},"end":{"line":18,"column":32}},"3":{"start":{"line":19,"column":10},"end":{"line":19,"column":26}},"4":{"start":{"line":26,"column":15},"end":{"line":35,"column":2}},"5":{"start":{"line":37,"column":0},"end":{"line":39,"column":2}}},"fnMap":{"0":{"name":"SearchBar","decl":{"start":{"line":5,"column":24},"end":{"line":5,"column":33}},"loc":{"start":{"line":5,"column":48},"end":{"line":24,"column":1}},"line":5},"1":{"name":"(anonymous_1)","decl":{"start":{"line":17,"column":22},"end":{"line":17,"column":23}},"loc":{"start":{"line":17,"column":33},"end":{"line":20,"column":9}},"line":17}},"branchMap":{},"s":{"0":30,"1":30,"2":3,"3":3,"4":3,"5":3},"f":{"0":30,"1":3},"b":{},"_coverageSchema":"1a1c01bbd47fc00a2c39e90264f33305004495a9","hash":"2ce8a0e19847b3c6f938a4c114accb22ac5124d4"}
,"C:\\Users\\Darre\\Projects\\ShopNav\\src\\components\\SelectFile.jsx": {"path":"C:\\Users\\Darre\\Projects\\ShopNav\\src\\components\\SelectFile.jsx","statementMap":{"0":{"start":{"line":5,"column":22},"end":{"line":15,"column":3}},"1":{"start":{"line":6,"column":4},"end":{"line":14,"column":5}},"2":{"start":{"line":7,"column":6},"end":{"line":7,"column":22}},"3":{"start":{"line":9,"column":6},"end":{"line":13,"column":9}},"4":{"start":{"line":17,"column":2},"end":{"line":23,"column":4}},"5":{"start":{"line":26,"column":0},"end":{"line":29,"column":2}},"6":{"start":{"line":31,"column":15},"end":{"line":42,"column":2}}},"fnMap":{"0":{"name":"SelectFile","decl":{"start":{"line":4,"column":24},"end":{"line":4,"column":34}},"loc":{"start":{"line":4,"column":55},"end":{"line":24,"column":1}},"line":4},"1":{"name":"(anonymous_1)","decl":{"start":{"line":5,"column":22},"end":{"line":5,"column":23}},"loc":{"start":{"line":5,"column":34},"end":{"line":15,"column":3}},"line":5}},"branchMap":{},"s":{"0":13,"1":4,"2":4,"3":1,"4":13,"5":3,"6":3},"f":{"0":13,"1":4},"b":{},"_coverageSchema":"1a1c01bbd47fc00a2c39e90264f33305004495a9","hash":"1944e18ce42ecdd074f9e2735f6e0d9a24715a44"}
,"C:\\Users\\Darre\\Projects\\ShopNav\\src\\components\\SignOutButton.jsx": {"path":"C:\\Users\\Darre\\Projects\\ShopNav\\src\\components\\SignOutButton.jsx","statementMap":{"0":{"start":{"line":7,"column":22},"end":{"line":7,"column":45}},"1":{"start":{"line":9,"column":24},"end":{"line":12,"column":3}},"2":{"start":{"line":10,"column":4},"end":{"line":10,"column":20}},"3":{"start":{"line":11,"column":4},"end":{"line":11,"column":31}},"4":{"start":{"line":14,"column":2},"end":{"line":20,"column":4}},"5":{"start":{"line":23,"column":15},"end":{"line":31,"column":2}}},"fnMap":{"0":{"name":"SignOutButton","decl":{"start":{"line":6,"column":24},"end":{"line":6,"column":37}},"loc":{"start":{"line":6,"column":40},"end":{"line":21,"column":1}},"line":6},"1":{"name":"(anonymous_1)","decl":{"start":{"line":9,"column":24},"end":{"line":9,"column":25}},"loc":{"start":{"line":9,"column":36},"end":{"line":12,"column":3}},"line":9}},"branchMap":{},"s":{"0":3,"1":3,"2":1,"3":1,"4":3,"5":2},"f":{"0":3,"1":1},"b":{},"_coverageSchema":"1a1c01bbd47fc00a2c39e90264f33305004495a9","hash":"0d222fae9ebf6d27378dda6f736acae0807c8aed"}
,"C:\\Users\\Darre\\Projects\\ShopNav\\src\\components\\StarRating.jsx": {"path":"C:\\Users\\Darre\\Projects\\ShopNav\\src\\components\\StarRating.jsx","statementMap":{"0":{"start":{"line":7,"column":16},"end":{"line":7,"column":36}},"1":{"start":{"line":9,"column":2},"end":{"line":37,"column":4}},"2":{"start":{"line":12,"column":20},"end":{"line":12,"column":35}},"3":{"start":{"line":14,"column":8},"end":{"line":24,"column":9}},"4":{"start":{"line":15,"column":10},"end":{"line":23,"column":12}},"5":{"start":{"line":26,"column":8},"end":{"line":34,"column":10}},"6":{"start":{"line":40,"column":0},"end":{"line":42,"column":2}}},"fnMap":{"0":{"name":"StarRating","decl":{"start":{"line":5,"column":24},"end":{"line":5,"column":34}},"loc":{"start":{"line":5,"column":47},"end":{"line":38,"column":1}},"line":5},"1":{"name":"(anonymous_1)","decl":{"start":{"line":11,"column":17},"end":{"line":11,"column":18}},"loc":{"start":{"line":11,"column":31},"end":{"line":35,"column":7}},"line":11}},"branchMap":{"0":{"loc":{"start":{"line":14,"column":8},"end":{"line":24,"column":9}},"type":"if","locations":[{"start":{"line":14,"column":8},"end":{"line":24,"column":9}},{"start":{},"end":{}}],"line":14}},"s":{"0":5,"1":5,"2":25,"3":25,"4":17,"5":8,"6":4},"f":{"0":5,"1":25},"b":{"0":[17,8]},"_coverageSchema":"1a1c01bbd47fc00a2c39e90264f33305004495a9","hash":"f93f2a138e8b892e6efee0bdaf87a5dceddeaad7"}
,"C:\\Users\\Darre\\Projects\\ShopNav\\src\\components\\StoreInput.jsx": {"path":"C:\\Users\\Darre\\Projects\\ShopNav\\src\\components\\StoreInput.jsx","statementMap":{"0":{"start":{"line":11,"column":2},"end":{"line":21,"column":4}},"1":{"start":{"line":24,"column":15},"end":{"line":38,"column":2}},"2":{"start":{"line":39,"column":0},"end":{"line":44,"column":2}},"3":{"start":{"line":46,"column":0},"end":{"line":48,"column":2}}},"fnMap":{"0":{"name":"StoreInput","decl":{"start":{"line":5,"column":24},"end":{"line":5,"column":34}},"loc":{"start":{"line":10,"column":3},"end":{"line":22,"column":1}},"line":10}},"branchMap":{},"s":{"0":86,"1":4,"2":4,"3":4},"f":{"0":86},"b":{},"_coverageSchema":"1a1c01bbd47fc00a2c39e90264f33305004495a9","hash":"3ef66f163ce554a9033a845c006d8a7c70d76431"}
,"C:\\Users\\Darre\\Projects\\ShopNav\\src\\components\\StoreList.jsx": {"path":"C:\\Users\\Darre\\Projects\\ShopNav\\src\\components\\StoreList.jsx","statementMap":{"0":{"start":{"line":7,"column":2},"end":{"line":47,"column":4}},"1":{"start":{"line":10,"column":37},"end":{"line":10,"column":53}},"2":{"start":{"line":12,"column":8},"end":{"line":44,"column":15}},"3":{"start":{"line":50,"column":15},"end":{"line":73,"column":2}},"4":{"start":{"line":74,"column":0},"end":{"line":81,"column":2}}},"fnMap":{"0":{"name":"StoreList","decl":{"start":{"line":6,"column":24},"end":{"line":6,"column":33}},"loc":{"start":{"line":6,"column":44},"end":{"line":48,"column":1}},"line":6},"1":{"name":"(anonymous_1)","decl":{"start":{"line":10,"column":20},"end":{"line":10,"column":21}},"loc":{"start":{"line":10,"column":37},"end":{"line":10,"column":53}},"line":10},"2":{"name":"(anonymous_2)","decl":{"start":{"line":11,"column":18},"end":{"line":11,"column":19}},"loc":{"start":{"line":12,"column":8},"end":{"line":44,"column":15}},"line":12}},"branchMap":{"0":{"loc":{"start":{"line":18,"column":27},"end":{"line":18,"column":55}},"type":"cond-expr","locations":[{"start":{"line":18,"column":40},"end":{"line":18,"column":50}},{"start":{"line":18,"column":53},"end":{"line":18,"column":55}}],"line":18},"1":{"loc":{"start":{"line":24,"column":15},"end":{"line":40,"column":15}},"type":"cond-expr","locations":[{"start":{"line":25,"column":16},"end":{"line":31,"column":18}},{"start":{"line":33,"column":16},"end":{"line":39,"column":18}}],"line":24}},"s":{"0":17,"1":17,"2":11,"3":3,"4":3},"f":{"0":17,"1":17,"2":11},"b":{"0":[0,11],"1":[4,7]},"_coverageSchema":"1a1c01bbd47fc00a2c39e90264f33305004495a9","hash":"79bb7f5be22190fadb7a648693bb09f8ac021d34"}
,"C:\\Users\\Darre\\Projects\\ShopNav\\src\\components\\UploadButton.jsx": {"path":"C:\\Users\\Darre\\Projects\\ShopNav\\src\\components\\UploadButton.jsx","statementMap":{"0":{"start":{"line":13,"column":36},"end":{"line":13,"column":51}},"1":{"start":{"line":15,"column":22},"end":{"line":30,"column":3}},"2":{"start":{"line":16,"column":4},"end":{"line":16,"column":23}},"3":{"start":{"line":18,"column":4},"end":{"line":29,"column":5}},"4":{"start":{"line":19,"column":6},"end":{"line":19,"column":22}},"5":{"start":{"line":20,"column":6},"end":{"line":20,"column":51}},"6":{"start":{"line":22,"column":6},"end":{"line":26,"column":9}},"7":{"start":{"line":28,"column":6},"end":{"line":28,"column":26}},"8":{"start":{"line":32,"column":2},"end":{"line":45,"column":4}},"9":{"start":{"line":48,"column":0},"end":{"line":51,"column":2}},"10":{"start":{"line":53,"column":15},"end":{"line":65,"column":2}}},"fnMap":{"0":{"name":"UploadButton","decl":{"start":{"line":12,"column":24},"end":{"line":12,"column":36}},"loc":{"start":{"line":12,"column":57},"end":{"line":46,"column":1}},"line":12},"1":{"name":"(anonymous_1)","decl":{"start":{"line":15,"column":22},"end":{"line":15,"column":23}},"loc":{"start":{"line":15,"column":34},"end":{"line":30,"column":3}},"line":15}},"branchMap":{"0":{"loc":{"start":{"line":32,"column":9},"end":{"line":45,"column":3}},"type":"cond-expr","locations":[{"start":{"line":33,"column":4},"end":{"line":38,"column":6}},{"start":{"line":40,"column":4},"end":{"line":44,"column":23}}],"line":32}},"s":{"0":33,"1":33,"2":5,"3":5,"4":5,"5":4,"6":1,"7":5,"8":33,"9":3,"10":3},"f":{"0":33,"1":5},"b":{"0":[4,29]},"_coverageSchema":"1a1c01bbd47fc00a2c39e90264f33305004495a9","hash":"374c88ec14b959c74897057a3ad036a4802424c9"}
,"C:\\Users\\Darre\\Projects\\ShopNav\\src\\services\\fetchPlaceDetails.js": {"path":"C:\\Users\\Darre\\Projects\\ShopNav\\src\\services\\fetchPlaceDetails.js","statementMap":{"0":{"start":{"line":3,"column":14},"end":{"line":3,"column":251}},"1":{"start":{"line":5,"column":19},"end":{"line":5,"column":35}},"2":{"start":{"line":6,"column":15},"end":{"line":6,"column":36}},"3":{"start":{"line":8,"column":2},"end":{"line":10,"column":3}},"4":{"start":{"line":9,"column":4},"end":{"line":9,"column":23}},"5":{"start":{"line":11,"column":2},"end":{"line":11,"column":52}}},"fnMap":{"0":{"name":"fetchPlaceDetails","decl":{"start":{"line":1,"column":30},"end":{"line":1,"column":47}},"loc":{"start":{"line":1,"column":57},"end":{"line":12,"column":1}},"line":1}},"branchMap":{"0":{"loc":{"start":{"line":8,"column":2},"end":{"line":10,"column":3}},"type":"if","locations":[{"start":{"line":8,"column":2},"end":{"line":10,"column":3}},{"start":{},"end":{}}],"line":8}},"s":{"0":0,"1":0,"2":0,"3":0,"4":0,"5":0},"f":{"0":0},"b":{"0":[0,0]},"_coverageSchema":"1a1c01bbd47fc00a2c39e90264f33305004495a9","hash":"6630e01238f336b33894dbaee5b59b4d37c82e8b"}
,"C:\\Users\\Darre\\Projects\\ShopNav\\src\\services\\fetchPlaceId.js": {"path":"C:\\Users\\Darre\\Projects\\ShopNav\\src\\services\\fetchPlaceId.js","statementMap":{"0":{"start":{"line":3,"column":26},"end":{"line":3,"column":71}},"1":{"start":{"line":5,"column":21},"end":{"line":5,"column":149}},"2":{"start":{"line":7,"column":19},"end":{"line":7,"column":42}},"3":{"start":{"line":10,"column":15},"end":{"line":10,"column":36}},"4":{"start":{"line":15,"column":2},"end":{"line":19,"column":3}},"5":{"start":{"line":18,"column":4},"end":{"line":18,"column":40}},"6":{"start":{"line":20,"column":2},"end":{"line":20,"column":47}}},"fnMap":{"0":{"name":"fetchPlaceId","decl":{"start":{"line":1,"column":30},"end":{"line":1,"column":42}},"loc":{"start":{"line":1,"column":54},"end":{"line":21,"column":1}},"line":1}},"branchMap":{"0":{"loc":{"start":{"line":15,"column":2},"end":{"line":19,"column":3}},"type":"if","locations":[{"start":{"line":15,"column":2},"end":{"line":19,"column":3}},{"start":{},"end":{}}],"line":15},"1":{"loc":{"start":{"line":15,"column":6},"end":{"line":15,"column":53}},"type":"binary-expr","locations":[{"start":{"line":15,"column":6},"end":{"line":15,"column":22}},{"start":{"line":15,"column":26},"end":{"line":15,"column":53}}],"line":15}},"s":{"0":0,"1":0,"2":0,"3":0,"4":0,"5":0,"6":0},"f":{"0":0},"b":{"0":[0,0],"1":[0,0]},"_coverageSchema":"1a1c01bbd47fc00a2c39e90264f33305004495a9","hash":"aaa9a773d241ae1f2bb299db406edebbdd3271f0"}
,"C:\\Users\\Darre\\Projects\\ShopNav\\src\\utils\\dijkstra.js": {"path":"C:\\Users\\Darre\\Projects\\ShopNav\\src\\utils\\dijkstra.js","statementMap":{"0":{"start":{"line":4,"column":23},"end":{"line":4,"column":41}},"1":{"start":{"line":5,"column":20},"end":{"line":5,"column":22}},"2":{"start":{"line":6,"column":24},"end":{"line":6,"column":26}},"3":{"start":{"line":7,"column":23},"end":{"line":7,"column":25}},"4":{"start":{"line":9,"column":2},"end":{"line":12,"column":3}},"5":{"start":{"line":10,"column":4},"end":{"line":10,"column":31}},"6":{"start":{"line":11,"column":4},"end":{"line":11,"column":31}},"7":{"start":{"line":13,"column":2},"end":{"line":13,"column":27}},"8":{"start":{"line":15,"column":2},"end":{"line":48,"column":3}},"9":{"start":{"line":16,"column":22},"end":{"line":21,"column":6}},"10":{"start":{"line":17,"column":6},"end":{"line":19,"column":7}},"11":{"start":{"line":18,"column":8},"end":{"line":18,"column":20}},"12":{"start":{"line":20,"column":6},"end":{"line":20,"column":25}},"13":{"start":{"line":22,"column":4},"end":{"line":30,"column":5}},"14":{"start":{"line":23,"column":19},"end":{"line":23,"column":21}},"15":{"start":{"line":24,"column":6},"end":{"line":27,"column":7}},"16":{"start":{"line":25,"column":8},"end":{"line":25,"column":41}},"17":{"start":{"line":26,"column":8},"end":{"line":26,"column":49}},"18":{"start":{"line":28,"column":6},"end":{"line":28,"column":39}},"19":{"start":{"line":29,"column":6},"end":{"line":29,"column":18}},"20":{"start":{"line":31,"column":4},"end":{"line":31,"column":37}},"21":{"start":{"line":32,"column":4},"end":{"line":32,"column":75}},"22":{"start":{"line":32,"column":53},"end":{"line":32,"column":73}},"23":{"start":{"line":34,"column":4},"end":{"line":47,"column":5}},"24":{"start":{"line":35,"column":6},"end":{"line":46,"column":7}},"25":{"start":{"line":37,"column":10},"end":{"line":41,"column":11}},"26":{"start":{"line":42,"column":8},"end":{"line":45,"column":9}},"27":{"start":{"line":43,"column":10},"end":{"line":43,"column":48}},"28":{"start":{"line":44,"column":10},"end":{"line":44,"column":52}},"29":{"start":{"line":49,"column":2},"end":{"line":49,"column":14}},"30":{"start":{"line":54,"column":13},"end":{"line":54,"column":32}},"31":{"start":{"line":55,"column":13},"end":{"line":55,"column":32}},"32":{"start":{"line":56,"column":2},"end":{"line":56,"column":38}}},"fnMap":{"0":{"name":"dijkstra","decl":{"start":{"line":3,"column":24},"end":{"line":3,"column":32}},"loc":{"start":{"line":3,"column":60},"end":{"line":50,"column":1}},"line":3},"1":{"name":"(anonymous_1)","decl":{"start":{"line":16,"column":44},"end":{"line":16,"column":45}},"loc":{"start":{"line":16,"column":67},"end":{"line":21,"column":5}},"line":16},"2":{"name":"(anonymous_2)","decl":{"start":{"line":32,"column":43},"end":{"line":32,"column":44}},"loc":{"start":{"line":32,"column":53},"end":{"line":32,"column":73}},"line":32},"3":{"name":"distance","decl":{"start":{"line":53,"column":9},"end":{"line":53,"column":17}},"loc":{"start":{"line":53,"column":34},"end":{"line":57,"column":1}},"line":53}},"branchMap":{"0":{"loc":{"start":{"line":17,"column":6},"end":{"line":19,"column":7}},"type":"if","locations":[{"start":{"line":17,"column":6},"end":{"line":19,"column":7}},{"start":{},"end":{}}],"line":17},"1":{"loc":{"start":{"line":22,"column":4},"end":{"line":30,"column":5}},"type":"if","locations":[{"start":{"line":22,"column":4},"end":{"line":30,"column":5}},{"start":{},"end":{}}],"line":22},"2":{"loc":{"start":{"line":22,"column":8},"end":{"line":22,"column":70}},"type":"binary-expr","locations":[{"start":{"line":22,"column":8},"end":{"line":22,"column":31}},{"start":{"line":22,"column":35},"end":{"line":22,"column":70}}],"line":22},"3":{"loc":{"start":{"line":35,"column":6},"end":{"line":46,"column":7}},"type":"if","locations":[{"start":{"line":35,"column":6},"end":{"line":46,"column":7}},{"start":{},"end":{}}],"line":35},"4":{"loc":{"start":{"line":42,"column":8},"end":{"line":45,"column":9}},"type":"if","locations":[{"start":{"line":42,"column":8},"end":{"line":45,"column":9}},{"start":{},"end":{}}],"line":42}},"s":{"0":3,"1":3,"2":3,"3":3,"4":3,"5":6,"6":6,"7":3,"8":3,"9":6,"10":7,"11":0,"12":7,"13":6,"14":1,"15":1,"16":2,"17":2,"18":1,"19":1,"20":5,"21":5,"22":12,"23":5,"24":8,"25":5,"26":5,"27":3,"28":3,"29":2,"30":5,"31":5,"32":5},"f":{"0":3,"1":7,"2":12,"3":5},"b":{"0":[0,7],"1":[1,5],"2":[6,2],"3":[5,3],"4":[3,2]},"_coverageSchema":"1a1c01bbd47fc00a2c39e90264f33305004495a9","hash":"8b3fbf3ecec0e8834ec2ac3983004d2730b8311f"}
,"C:\\Users\\Darre\\Projects\\ShopNav\\src\\utils\\handleImage.js": {"path":"C:\\Users\\Darre\\Projects\\ShopNav\\src\\utils\\handleImage.js","statementMap":{"0":{"start":{"line":2,"column":14},"end":{"line":2,"column":152}},"1":{"start":{"line":3,"column":2},"end":{"line":3,"column":13}}},"fnMap":{"0":{"name":"handleImage","decl":{"start":{"line":1,"column":24},"end":{"line":1,"column":35}},"loc":{"start":{"line":1,"column":52},"end":{"line":4,"column":1}},"line":1}},"branchMap":{},"s":{"0":0,"1":0},"f":{"0":0},"b":{},"_coverageSchema":"1a1c01bbd47fc00a2c39e90264f33305004495a9","hash":"58dd3279e887d91f8c423e02ee11765a2f899cae"}
,"C:\\Users\\Darre\\Projects\\ShopNav\\src\\utils\\handleSearch.js": {"path":"C:\\Users\\Darre\\Projects\\ShopNav\\src\\utils\\handleSearch.js","statementMap":{"0":{"start":{"line":2,"column":25},"end":{"line":2,"column":44}},"1":{"start":{"line":3,"column":23},"end":{"line":5,"column":3}},"2":{"start":{"line":4,"column":4},"end":{"line":4,"column":52}},"3":{"start":{"line":7,"column":2},"end":{"line":7,"column":22}}},"fnMap":{"0":{"name":"handleSearch","decl":{"start":{"line":1,"column":24},"end":{"line":1,"column":36}},"loc":{"start":{"line":1,"column":54},"end":{"line":8,"column":1}},"line":1},"1":{"name":"(anonymous_1)","decl":{"start":{"line":3,"column":39},"end":{"line":3,"column":40}},"loc":{"start":{"line":4,"column":4},"end":{"line":4,"column":52}},"line":4}},"branchMap":{},"s":{"0":5,"1":5,"2":17,"3":5},"f":{"0":5,"1":17},"b":{},"_coverageSchema":"1a1c01bbd47fc00a2c39e90264f33305004495a9","hash":"48c61785557bb799578a958b22f3b48bb29b1b9f"}
}
