{"C:\\Users\\Darre\\Projects\\ShopNav\\src\\components\\Floorplan.jsx": {"path":"C:\\Users\\Darre\\Projects\\ShopNav\\src\\components\\Floorplan.jsx","statementMap":{"0":{"start":{"line":13,"column":30},"end":{"line":13,"column":44}},"1":{"start":{"line":14,"column":36},"end":{"line":14,"column":51}},"2":{"start":{"line":16,"column":2},"end":{"line":24,"column":34}},"3":{"start":{"line":17,"column":4},"end":{"line":23,"column":5}},"4":{"start":{"line":18,"column":6},"end":{"line":18,"column":25}},"5":{"start":{"line":19,"column":6},"end":{"line":22,"column":9}},"6":{"start":{"line":20,"column":8},"end":{"line":20,"column":23}},"7":{"start":{"line":21,"column":8},"end":{"line":21,"column":28}},"8":{"start":{"line":26,"column":18},"end":{"line":26,"column":48}},"9":{"start":{"line":27,"column":21},"end":{"line":27,"column":38}},"10":{"start":{"line":28,"column":21},"end":{"line":28,"column":38}},"11":{"start":{"line":30,"column":21},"end":{"line":40,"column":6}},"12":{"start":{"line":33,"column":6},"end":{"line":33,"column":67}},"13":{"start":{"line":36,"column":19},"end":{"line":36,"column":55}},"14":{"start":{"line":37,"column":19},"end":{"line":37,"column":55}},"15":{"start":{"line":38,"column":6},"end":{"line":38,"column":61}},"16":{"start":{"line":39,"column":6},"end":{"line":39,"column":58}},"17":{"start":{"line":42,"column":16},"end":{"line":42,"column":33}},"18":{"start":{"line":43,"column":21},"end":{"line":43,"column":38}},"19":{"start":{"line":45,"column":23},"end":{"line":52,"column":6}},"20":{"start":{"line":48,"column":6},"end":{"line":48,"column":47}},"21":{"start":{"line":51,"column":6},"end":{"line":51,"column":37}},"22":{"start":{"line":54,"column":24},"end":{"line":60,"column":5}},"23":{"start":{"line":54,"column":48},"end":{"line":60,"column":3}},"24":{"start":{"line":62,"column":19},"end":{"line":62,"column":65}},"25":{"start":{"line":64,"column":2},"end":{"line":79,"column":4}},"26":{"start":{"line":82,"column":0},"end":{"line":86,"column":2}},"27":{"start":{"line":88,"column":0},"end":{"line":90,"column":2}}},"fnMap":{"0":{"name":"Floorplan","decl":{"start":{"line":12,"column":24},"end":{"line":12,"column":33}},"loc":{"start":{"line":12,"column":75},"end":{"line":80,"column":1}},"line":12},"1":{"name":"(anonymous_1)","decl":{"start":{"line":16,"column":12},"end":{"line":16,"column":13}},"loc":{"start":{"line":16,"column":18},"end":{"line":24,"column":3}},"line":16},"2":{"name":"(anonymous_2)","decl":{"start":{"line":19,"column":50},"end":{"line":19,"column":51}},"loc":{"start":{"line":19,"column":59},"end":{"line":22,"column":7}},"line":19},"3":{"name":"(anonymous_3)","decl":{"start":{"line":32,"column":13},"end":{"line":32,"column":14}},"loc":{"start":{"line":32,"column":19},"end":{"line":34,"column":5}},"line":32},"4":{"name":"(anonymous_4)","decl":{"start":{"line":35,"column":14},"end":{"line":35,"column":15}},"loc":{"start":{"line":35,"column":25},"end":{"line":40,"column":5}},"line":35},"5":{"name":"(anonymous_5)","decl":{"start":{"line":47,"column":14},"end":{"line":47,"column":15}},"loc":{"start":{"line":47,"column":21},"end":{"line":49,"column":5}},"line":47},"6":{"name":"(anonymous_6)","decl":{"start":{"line":50,"column":11},"end":{"line":50,"column":12}},"loc":{"start":{"line":50,"column":17},"end":{"line":52,"column":5}},"line":50},"7":{"name":"(anonymous_7)","decl":{"start":{"line":54,"column":41},"end":{"line":54,"column":42}},"loc":{"start":{"line":54,"column":48},"end":{"line":60,"column":3}},"line":54}},"branchMap":{"0":{"loc":{"start":{"line":17,"column":4},"end":{"line":23,"column":5}},"type":"if","locations":[{"start":{"line":17,"column":4},"end":{"line":23,"column":5}},{"start":{},"end":{}}],"line":17},"1":{"loc":{"start":{"line":64,"column":9},"end":{"line":79,"column":3}},"type":"cond-expr","locations":[{"start":{"line":65,"column":4},"end":{"line":65,"column":38}},{"start":{"line":67,"column":4},"end":{"line":78,"column":22}}],"line":64}},"s":{"0":4,"1":4,"2":4,"3":1,"4":1,"5":1,"6":1,"7":1,"8":4,"9":4,"10":4,"11":4,"12":0,"13":0,"14":0,"15":0,"16":0,"17":4,"18":4,"19":4,"20":0,"21":0,"22":4,"23":4,"24":4,"25":4,"26":1,"27":1},"f":{"0":4,"1":1,"2":1,"3":0,"4":0,"5":0,"6":0,"7":4},"b":{"0":[1,0],"1":[2,2]},"_coverageSchema":"1a1c01bbd47fc00a2c39e90264f33305004495a9","hash":"685c516ed975ad164b0da784c1f532975c112fcc"}
,"C:\\Users\\Darre\\Projects\\ShopNav\\src\\components\\LevelButtons.jsx": {"path":"C:\\Users\\Darre\\Projects\\ShopNav\\src\\components\\LevelButtons.jsx","statementMap":{"0":{"start":{"line":11,"column":30},"end":{"line":11,"column":42}},"1":{"start":{"line":13,"column":2},"end":{"line":21,"column":37}},"2":{"start":{"line":14,"column":24},"end":{"line":19,"column":5}},"3":{"start":{"line":16,"column":25},"end":{"line":16,"column":53}},"4":{"start":{"line":17,"column":6},"end":{"line":17,"column":28}},"5":{"start":{"line":18,"column":6},"end":{"line":18,"column":37}},"6":{"start":{"line":20,"column":4},"end":{"line":20,"column":18}},"7":{"start":{"line":23,"column":2},"end":{"line":38,"column":4}},"8":{"start":{"line":26,"column":8},"end":{"line":35,"column":27}},"9":{"start":{"line":32,"column":25},"end":{"line":32,"column":47}},"10":{"start":{"line":41,"column":15},"end":{"line":69,"column":2}},"11":{"start":{"line":71,"column":0},"end":{"line":75,"column":2}}},"fnMap":{"0":{"name":"LevelButtons","decl":{"start":{"line":6,"column":24},"end":{"line":6,"column":36}},"loc":{"start":{"line":10,"column":3},"end":{"line":39,"column":1}},"line":10},"1":{"name":"(anonymous_1)","decl":{"start":{"line":13,"column":12},"end":{"line":13,"column":13}},"loc":{"start":{"line":13,"column":18},"end":{"line":21,"column":3}},"line":13},"2":{"name":"(anonymous_2)","decl":{"start":{"line":14,"column":24},"end":{"line":14,"column":25}},"loc":{"start":{"line":14,"column":36},"end":{"line":19,"column":5}},"line":14},"3":{"name":"(anonymous_3)","decl":{"start":{"line":25,"column":18},"end":{"line":25,"column":19}},"loc":{"start":{"line":26,"column":8},"end":{"line":35,"column":27}},"line":26},"4":{"name":"(anonymous_4)","decl":{"start":{"line":32,"column":19},"end":{"line":32,"column":20}},"loc":{"start":{"line":32,"column":25},"end":{"line":32,"column":47}},"line":32}},"branchMap":{"0":{"loc":{"start":{"line":30,"column":12},"end":{"line":30,"column":66}},"type":"cond-expr","locations":[{"start":{"line":30,"column":37},"end":{"line":30,"column":61}},{"start":{"line":30,"column":64},"end":{"line":30,"column":66}}],"line":30}},"s":{"0":6,"1":6,"2":3,"3":3,"4":3,"5":3,"6":3,"7":6,"8":6,"9":1,"10":1,"11":1},"f":{"0":6,"1":3,"2":3,"3":6,"4":1},"b":{"0":[2,4]},"_coverageSchema":"1a1c01bbd47fc00a2c39e90264f33305004495a9","hash":"56e7895a54b4ff1f92e8d21423835710135ab207"}
,"C:\\Users\\Darre\\Projects\\ShopNav\\src\\components\\StoreInput.jsx": {"path":"C:\\Users\\Darre\\Projects\\ShopNav\\src\\components\\StoreInput.jsx","statementMap":{"0":{"start":{"line":10,"column":2},"end":{"line":25,"column":4}},"1":{"start":{"line":27,"column":0},"end":{"line":32,"column":2}}},"fnMap":{"0":{"name":"StoreInput","decl":{"start":{"line":4,"column":24},"end":{"line":4,"column":34}},"loc":{"start":{"line":9,"column":3},"end":{"line":26,"column":1}},"line":9}},"branchMap":{"0":{"loc":{"start":{"line":19,"column":23},"end":{"line":19,"column":45}},"type":"cond-expr","locations":[{"start":{"line":19,"column":31},"end":{"line":19,"column":36}},{"start":{"line":19,"column":39},"end":{"line":19,"column":45}}],"line":19},"1":{"loc":{"start":{"line":23,"column":7},"end":{"line":23,"column":72}},"type":"binary-expr","locations":[{"start":{"line":23,"column":7},"end":{"line":23,"column":12}},{"start":{"line":23,"column":16},"end":{"line":23,"column":72}}],"line":23}},"s":{"0":2,"1":1},"f":{"0":2},"b":{"0":[1,1],"1":[2,1]},"_coverageSchema":"1a1c01bbd47fc00a2c39e90264f33305004495a9","hash":"c0dd6009986ec8e71cb3fb4968488d2ea05052d1"}
,"C:\\Users\\Darre\\Projects\\ShopNav\\src\\components\\UploadButton.jsx": {"path":"C:\\Users\\Darre\\Projects\\ShopNav\\src\\components\\UploadButton.jsx","statementMap":{"0":{"start":{"line":5,"column":2},"end":{"line":5,"column":52}},"1":{"start":{"line":8,"column":0},"end":{"line":11,"column":2}}},"fnMap":{"0":{"name":"UploadButton","decl":{"start":{"line":4,"column":24},"end":{"line":4,"column":36}},"loc":{"start":{"line":4,"column":57},"end":{"line":6,"column":1}},"line":4}},"branchMap":{},"s":{"0":2,"1":1},"f":{"0":2},"b":{},"_coverageSchema":"1a1c01bbd47fc00a2c39e90264f33305004495a9","hash":"3bf47fda8696fbb54e3b68544c7131ef59fa2733"}
}
