TN:
SF:src\app\context\auth.jsx
FN:13,AuthProvider
FN:16,(anonymous_1)
FN:17,(anonymous_2)
FN:27,(anonymous_3)
FN:30,(anonymous_4)
FN:33,(anonymous_5)
FNF:6
FNH:0
FNDA:0,AuthProvider
FNDA:0,(anonymous_1)
FNDA:0,(anonymous_2)
FNDA:0,(anonymous_3)
FNDA:0,(anonymous_4)
FNDA:0,(anonymous_5)
DA:11,1
DA:14,0
DA:16,0
DA:17,0
DA:18,0
DA:19,0
DA:21,0
DA:26,0
DA:27,0
DA:31,0
DA:34,0
DA:40,0
DA:47,1
LF:13
LH:2
BRDA:18,0,0,0
BRDA:18,0,1,0
BRF:2
BRH:0
end_of_record
TN:
SF:src\app\context\mallProvider.jsx
FN:8,MallProvider
FN:12,(anonymous_1)
FN:13,(anonymous_2)
FN:27,(anonymous_3)
FNF:4
FNH:0
FNDA:0,MallProvider
FNDA:0,(anonymous_1)
FNDA:0,(anonymous_2)
FNDA:0,(anonymous_3)
DA:6,1
DA:9,0
DA:10,0
DA:12,0
DA:13,0
DA:14,0
DA:15,0
DA:16,0
DA:17,0
DA:19,0
DA:24,0
DA:26,0
DA:27,0
DA:31,0
DA:34,1
LF:15
LH:2
BRF:0
BRH:0
end_of_record
TN:
SF:src\components\Floorplan.jsx
FN:14,Floorplan
FN:20,(anonymous_1)
FN:21,(anonymous_2)
FN:37,(anonymous_3)
FN:38,(anonymous_4)
FN:57,(anonymous_5)
FN:60,(anonymous_6)
FN:72,(anonymous_7)
FN:75,(anonymous_8)
FN:79,(anonymous_9)
FN:107,(anonymous_10)
FN:108,(anonymous_11)
FN:127,(anonymous_12)
FN:128,(anonymous_13)
FN:135,(anonymous_14)
FNF:15
FNH:10
FNDA:19,Floorplan
FNDA:4,(anonymous_1)
FNDA:4,(anonymous_2)
FNDA:1,(anonymous_3)
FNDA:1,(anonymous_4)
FNDA:0,(anonymous_5)
FNDA:0,(anonymous_6)
FNDA:0,(anonymous_7)
FNDA:0,(anonymous_8)
FNDA:13,(anonymous_9)
FNDA:18,(anonymous_10)
FNDA:18,(anonymous_11)
FNDA:5,(anonymous_12)
FNDA:5,(anonymous_13)
FNDA:0,(anonymous_14)
DA:15,19
DA:16,19
DA:17,19
DA:18,19
DA:20,19
DA:21,4
DA:22,4
DA:23,4
DA:24,4
DA:25,4
DA:26,3
DA:27,3
DA:28,3
DA:31,1
DA:38,1
DA:45,4
DA:48,4
DA:51,19
DA:52,19
DA:53,19
DA:55,19
DA:58,0
DA:61,0
DA:62,0
DA:63,0
DA:64,0
DA:67,19
DA:68,19
DA:70,19
DA:73,0
DA:76,0
DA:79,19
DA:87,19
DA:89,19
DA:107,18
DA:109,18
DA:110,9
DA:111,9
DA:112,9
DA:124,9
DA:127,5
DA:129,5
DA:136,0
DA:153,1
DA:168,1
LF:45
LH:37
BRDA:23,0,0,4
BRDA:23,0,1,0
BRDA:89,1,0,10
BRDA:89,1,1,9
BRDA:109,2,0,9
BRDA:109,2,1,9
BRDA:140,3,0,0
BRDA:140,3,1,0
BRF:8
BRH:5
end_of_record
TN:
SF:src\components\ImageCarousel.jsx
FN:5,ImageCarousel
FN:9,(anonymous_1)
FN:10,(anonymous_2)
FNF:3
FNH:3
FNDA:1,ImageCarousel
FNDA:4,(anonymous_1)
FNDA:3,(anonymous_2)
DA:6,1
DA:9,4
DA:11,3
DA:26,1
DA:37,1
LF:5
LH:5
BRF:0
BRH:0
end_of_record
TN:
SF:src\components\LevelButtons.jsx
FN:6,LevelButtons
FN:13,(anonymous_1)
FN:14,(anonymous_2)
FN:23,(anonymous_3)
FN:30,(anonymous_4)
FNF:5
FNH:4
FNDA:6,LevelButtons
FNDA:3,(anonymous_1)
FNDA:3,(anonymous_2)
FNDA:6,(anonymous_3)
FNDA:0,(anonymous_4)
DA:11,6
DA:13,6
DA:14,3
DA:15,3
DA:16,3
DA:17,3
DA:21,6
DA:24,6
DA:30,0
DA:39,1
DA:65,1
LF:11
LH:10
BRDA:28,0,0,2
BRDA:28,0,1,4
BRF:2
BRH:2
end_of_record
TN:
SF:src\components\MallPicker.jsx
FN:6,MallPicker
FN:10,(anonymous_1)
FN:19,(anonymous_2)
FN:27,(anonymous_3)
FN:30,(anonymous_4)
FN:34,(anonymous_5)
FNF:6
FNH:5
FNDA:4,MallPicker
FNDA:1,(anonymous_1)
FNDA:1,(anonymous_2)
FNDA:0,(anonymous_3)
FNDA:12,(anonymous_4)
FNDA:1,(anonymous_5)
DA:7,4
DA:8,4
DA:10,4
DA:11,1
DA:12,1
DA:15,4
DA:19,1
DA:27,0
DA:31,12
DA:34,1
DA:47,1
LF:11
LH:10
BRDA:21,0,0,4
BRDA:21,0,1,0
BRF:2
BRH:1
end_of_record
TN:
SF:src\components\ReviewCarousel.jsx
FN:5,ReviewCarousel
FN:9,(anonymous_1)
FN:10,(anonymous_2)
FNF:3
FNH:3
FNDA:1,ReviewCarousel
FNDA:3,(anonymous_1)
FNDA:2,(anonymous_2)
DA:6,1
DA:9,3
DA:11,2
DA:36,1
DA:47,1
LF:5
LH:5
BRF:0
BRH:0
end_of_record
TN:
SF:src\components\SearchBar.jsx
FN:5,SearchBar
FN:17,(anonymous_1)
FNF:2
FNH:2
FNDA:3,SearchBar
FNDA:1,(anonymous_1)
DA:6,3
DA:8,3
DA:18,1
DA:19,1
DA:26,1
DA:37,1
LF:6
LH:6
BRF:0
BRH:0
end_of_record
TN:
SF:src\components\SelectFile.jsx
FN:4,SelectFile
FN:5,(anonymous_1)
FNF:2
FNH:2
FNDA:3,SelectFile
FNDA:2,(anonymous_1)
DA:5,3
DA:6,2
DA:7,2
DA:9,1
DA:17,3
DA:26,1
DA:31,1
LF:7
LH:7
BRF:0
BRH:0
end_of_record
TN:
SF:src\components\SignOutButton.jsx
FN:6,SignOutButton
FN:9,(anonymous_1)
FNF:2
FNH:2
FNDA:2,SignOutButton
FNDA:1,(anonymous_1)
DA:7,2
DA:9,2
DA:10,1
DA:11,1
DA:14,2
DA:23,1
LF:6
LH:6
BRF:0
BRH:0
end_of_record
TN:
SF:src\components\StarRating.jsx
FN:5,StarRating
FN:11,(anonymous_1)
FNF:2
FNH:2
FNDA:5,StarRating
FNDA:25,(anonymous_1)
DA:7,5
DA:9,5
DA:12,25
DA:14,25
DA:15,17
DA:26,8
DA:40,2
LF:7
LH:7
BRDA:14,0,0,17
BRDA:14,0,1,8
BRF:2
BRH:2
end_of_record
TN:
SF:src\components\StoreInput.jsx
FN:5,StoreInput
FNF:1
FNH:1
FNDA:2,StoreInput
DA:11,2
DA:24,1
DA:38,1
DA:45,1
LF:4
LH:4
BRF:0
BRH:0
end_of_record
TN:
SF:src\components\StoreList.jsx
FN:6,StoreList
FN:10,(anonymous_1)
FN:11,(anonymous_2)
FNF:3
FNH:3
FNDA:3,StoreList
FNDA:9,(anonymous_1)
FNDA:6,(anonymous_2)
DA:7,3
DA:10,9
DA:12,6
DA:50,1
DA:74,1
LF:5
LH:5
BRDA:18,0,0,0
BRDA:18,0,1,6
BRDA:24,1,0,4
BRDA:24,1,1,2
BRF:4
BRH:3
end_of_record
TN:
SF:src\components\UploadButton.jsx
FN:12,UploadButton
FN:15,(anonymous_1)
FNF:2
FNH:2
FNDA:9,UploadButton
FNDA:3,(anonymous_1)
DA:13,9
DA:15,9
DA:16,3
DA:18,3
DA:19,3
DA:20,2
DA:22,1
DA:28,3
DA:32,9
DA:48,1
DA:53,1
LF:11
LH:11
BRDA:32,0,0,2
BRDA:32,0,1,7
BRF:2
BRH:2
end_of_record
TN:
SF:src\utils\handleImage.js
FN:1,handleImage
FNF:1
FNH:0
FNDA:0,handleImage
DA:2,0
DA:3,0
LF:2
LH:0
BRF:0
BRH:0
end_of_record
