TN:
SF:src\app\_layout.jsx
FN:9,Layout
FN:54,Icons
FNF:2
FNH:2
FNDA:6,Layout
FNDA:24,Icons
DA:10,6
DA:55,24
LF:2
LH:2
BRF:0
BRH:0
end_of_record
TN:
SF:src\app\developerAccess.jsx
FN:13,DeveloperAccess
FN:20,(anonymous_1)
FN:31,(anonymous_2)
FN:55,(anonymous_3)
FNF:4
FNH:4
FNDA:13,DeveloperAccess
FNDA:2,(anonymous_1)
FNDA:1,(anonymous_2)
FNDA:1,(anonymous_3)
DA:14,13
DA:15,13
DA:16,13
DA:17,13
DA:18,13
DA:20,13
DA:21,2
DA:25,2
DA:26,2
DA:27,2
DA:31,13
DA:33,1
DA:36,1
DA:39,13
DA:55,1
DA:89,2
LF:16
LH:16
BRDA:25,0,0,2
BRDA:25,0,1,0
BRDA:41,1,0,13
BRDA:41,1,1,10
BRDA:46,2,0,4
BRDA:46,2,1,6
BRF:6
BRH:5
end_of_record
TN:
SF:src\app\index.jsx
FN:21,Directory
FN:30,(anonymous_1)
FN:31,(anonymous_2)
FN:47,(anonymous_3)
FNF:4
FNH:4
FNDA:32,Directory
FNDA:17,(anonymous_1)
FNDA:17,(anonymous_2)
FNDA:2,(anonymous_3)
DA:22,32
DA:23,32
DA:24,32
DA:25,32
DA:26,32
DA:27,32
DA:28,32
DA:30,32
DA:31,17
DA:32,17
DA:33,4
DA:34,4
DA:35,2
DA:36,2
DA:38,2
DA:44,17
DA:47,32
DA:48,2
DA:49,2
DA:50,2
DA:51,1
DA:52,1
DA:53,1
DA:55,1
DA:59,2
DA:63,32
DA:140,2
LF:27
LH:27
BRDA:32,0,0,4
BRDA:32,0,1,13
BRDA:53,1,0,0
BRDA:53,1,1,1
BRDA:66,2,0,32
BRDA:66,2,1,0
BRDA:91,3,0,5
BRDA:91,3,1,27
BRDA:112,4,0,13
BRDA:112,4,1,19
BRF:10
BRH:8
end_of_record
TN:
SF:src\app\sign-in.jsx
FN:14,SignIn
FN:19,(anonymous_1)
FN:26,(anonymous_2)
FNF:3
FNH:3
FNDA:17,SignIn
FNDA:6,(anonymous_1)
FNDA:3,(anonymous_2)
DA:15,17
DA:16,17
DA:17,17
DA:18,17
DA:19,17
DA:20,6
DA:22,1
DA:26,17
DA:27,3
DA:28,3
DA:29,3
DA:31,1
DA:35,3
DA:39,17
DA:85,2
LF:15
LH:15
BRDA:20,0,0,1
BRDA:20,0,1,5
BRDA:68,1,0,2
BRDA:68,1,1,15
BRF:4
BRH:4
end_of_record
TN:
SF:src\app\storeDetails.jsx
FN:19,StoreDetails
FN:23,(anonymous_1)
FN:33,(anonymous_2)
FN:34,(anonymous_3)
FN:142,(anonymous_4)
FNF:5
FNH:5
FNDA:15,StoreDetails
FNDA:2,(anonymous_1)
FNDA:7,(anonymous_2)
FNDA:7,(anonymous_3)
FNDA:2,(anonymous_4)
DA:21,15
DA:23,15
DA:24,2
DA:27,15
DA:30,15
DA:33,15
DA:34,7
DA:35,7
DA:37,7
DA:39,7
DA:40,6
DA:42,1
DA:47,7
DA:50,15
DA:143,2
DA:168,2
LF:16
LH:16
BRDA:52,0,0,10
BRDA:52,0,1,5
BRDA:62,1,0,5
BRDA:62,1,1,0
BRDA:73,2,0,5
BRDA:73,2,1,5
BRDA:77,3,0,5
BRDA:77,3,1,0
BRDA:83,4,0,5
BRDA:83,4,1,0
BRDA:93,5,0,5
BRDA:93,5,1,0
BRDA:104,6,0,5
BRDA:104,6,1,5
BRDA:112,7,0,5
BRDA:112,7,1,5
BRDA:124,8,0,5
BRDA:124,8,1,0
BRDA:130,9,0,5
BRDA:130,9,1,0
BRDA:133,10,0,4
BRDA:133,10,1,1
BRDA:141,11,0,5
BRDA:141,11,1,1
BRDA:147,12,0,5
BRDA:147,12,1,0
BRDA:153,13,0,5
BRDA:153,13,1,0
BRF:28
BRH:20
end_of_record
TN:
SF:src\app\storeSearch.jsx
FN:14,StoreSearch
FN:21,(anonymous_1)
FN:22,(anonymous_2)
FN:27,(anonymous_3)
FN:46,(anonymous_4)
FNF:5
FNH:5
FNDA:28,StoreSearch
FNDA:7,(anonymous_1)
FNDA:5,(anonymous_2)
FNDA:3,(anonymous_3)
FNDA:10,(anonymous_4)
DA:15,28
DA:16,28
DA:17,28
DA:18,28
DA:19,28
DA:21,28
DA:22,7
DA:23,5
DA:24,5
DA:25,5
DA:26,4
DA:27,3
DA:28,3
DA:30,3
DA:31,3
DA:34,1
DA:38,5
DA:41,7
DA:42,5
DA:46,28
DA:47,10
DA:48,2
DA:50,8
DA:54,28
DA:71,2
LF:25
LH:25
BRDA:26,0,0,3
BRDA:26,0,1,1
BRDA:41,1,0,5
BRDA:41,1,1,2
BRDA:47,2,0,2
BRDA:47,2,1,8
BRDA:57,3,0,13
BRDA:57,3,1,15
BRF:8
BRH:8
end_of_record
TN:
SF:src\app\context\auth.jsx
FN:13,AuthProvider
FN:16,(anonymous_1)
FN:17,(anonymous_2)
FN:27,(anonymous_3)
FN:30,(anonymous_4)
FN:33,(anonymous_5)
FNF:6
FNH:3
FNDA:6,AuthProvider
FNDA:6,(anonymous_1)
FNDA:0,(anonymous_2)
FNDA:6,(anonymous_3)
FNDA:0,(anonymous_4)
FNDA:0,(anonymous_5)
DA:11,3
DA:14,6
DA:16,6
DA:17,6
DA:18,0
DA:19,0
DA:21,0
DA:26,6
DA:27,6
DA:31,0
DA:34,0
DA:40,6
DA:47,3
LF:13
LH:8
BRDA:18,0,0,0
BRDA:18,0,1,0
BRF:2
BRH:0
end_of_record
TN:
SF:src\app\context\mallProvider.jsx
FN:8,MallProvider
FN:12,(anonymous_1)
FN:13,(anonymous_2)
FN:27,(anonymous_3)
FNF:4
FNH:4
FNDA:18,MallProvider
FNDA:6,(anonymous_1)
FNDA:6,(anonymous_2)
FNDA:18,(anonymous_3)
DA:6,5
DA:9,18
DA:10,18
DA:12,18
DA:13,6
DA:14,6
DA:15,6
DA:16,6
DA:17,6
DA:19,0
DA:24,6
DA:26,18
DA:27,18
DA:31,18
DA:34,5
LF:15
LH:14
BRF:0
BRH:0
end_of_record
TN:
SF:src\components\Floorplan.jsx
FN:14,Floorplan
FN:20,(anonymous_1)
FN:21,(anonymous_2)
FN:35,(anonymous_3)
FN:36,(anonymous_4)
FN:55,(anonymous_5)
FN:58,(anonymous_6)
FN:70,(anonymous_7)
FN:73,(anonymous_8)
FN:77,(anonymous_9)
FN:105,(anonymous_10)
FN:106,(anonymous_11)
FN:126,(anonymous_12)
FN:127,(anonymous_13)
FN:134,(anonymous_14)
FNF:15
FNH:10
FNDA:48,Floorplan
FNDA:8,(anonymous_1)
FNDA:8,(anonymous_2)
FNDA:1,(anonymous_3)
FNDA:1,(anonymous_4)
FNDA:0,(anonymous_5)
FNDA:0,(anonymous_6)
FNDA:0,(anonymous_7)
FNDA:0,(anonymous_8)
FNDA:29,(anonymous_9)
FNDA:18,(anonymous_10)
FNDA:18,(anonymous_11)
FNDA:10,(anonymous_12)
FNDA:8,(anonymous_13)
FNDA:0,(anonymous_14)
DA:15,48
DA:16,48
DA:17,48
DA:18,48
DA:20,48
DA:21,8
DA:22,8
DA:23,8
DA:24,8
DA:25,7
DA:26,7
DA:27,7
DA:29,1
DA:36,1
DA:43,8
DA:46,8
DA:49,48
DA:50,48
DA:51,48
DA:53,48
DA:56,0
DA:59,0
DA:60,0
DA:61,0
DA:62,0
DA:65,48
DA:66,48
DA:68,48
DA:71,0
DA:74,0
DA:77,48
DA:85,48
DA:87,48
DA:105,18
DA:107,18
DA:108,9
DA:109,9
DA:110,9
DA:111,9
DA:123,9
DA:126,10
DA:128,8
DA:135,0
DA:152,3
DA:166,3
LF:45
LH:37
BRDA:87,0,0,29
BRDA:87,0,1,19
BRDA:107,1,0,9
BRDA:107,1,1,9
BRDA:139,2,0,0
BRDA:139,2,1,0
BRF:6
BRH:4
end_of_record
TN:
SF:src\components\ImageCarousel.jsx
FN:5,ImageCarousel
FN:9,(anonymous_1)
FN:10,(anonymous_2)
FNF:3
FNH:3
FNDA:1,ImageCarousel
FNDA:4,(anonymous_1)
FNDA:3,(anonymous_2)
DA:6,1
DA:9,4
DA:11,3
DA:26,3
DA:37,3
LF:5
LH:5
BRF:0
BRH:0
end_of_record
TN:
SF:src\components\LevelButtons.jsx
FN:6,LevelButtons
FN:13,(anonymous_1)
FN:14,(anonymous_2)
FN:23,(anonymous_3)
FN:30,(anonymous_4)
FNF:5
FNH:5
FNDA:23,LevelButtons
FNDA:7,(anonymous_1)
FNDA:7,(anonymous_2)
FNDA:17,(anonymous_3)
FNDA:1,(anonymous_4)
DA:11,23
DA:13,23
DA:14,7
DA:15,7
DA:16,7
DA:17,7
DA:21,23
DA:24,17
DA:30,1
DA:39,3
DA:65,3
LF:11
LH:11
BRDA:28,0,0,13
BRDA:28,0,1,4
BRF:2
BRH:2
end_of_record
TN:
SF:src\components\MallPicker.jsx
FN:6,MallPicker
FN:10,(anonymous_1)
FN:19,(anonymous_2)
FN:27,(anonymous_3)
FN:30,(anonymous_4)
FN:34,(anonymous_5)
FNF:6
FNH:5
FNDA:31,MallPicker
FNDA:1,(anonymous_1)
FNDA:1,(anonymous_2)
FNDA:0,(anonymous_3)
FNDA:12,(anonymous_4)
FNDA:1,(anonymous_5)
DA:7,31
DA:8,31
DA:10,31
DA:11,1
DA:12,1
DA:15,31
DA:19,1
DA:27,0
DA:31,12
DA:34,1
DA:47,2
LF:11
LH:10
BRDA:21,0,0,31
BRDA:21,0,1,27
BRF:2
BRH:2
end_of_record
TN:
SF:src\components\ReviewCarousel.jsx
FN:5,ReviewCarousel
FN:9,(anonymous_1)
FN:10,(anonymous_2)
FNF:3
FNH:3
FNDA:1,ReviewCarousel
FNDA:3,(anonymous_1)
FNDA:2,(anonymous_2)
DA:6,1
DA:9,3
DA:11,2
DA:37,3
DA:48,3
LF:5
LH:5
BRF:0
BRH:0
end_of_record
TN:
SF:src\components\SearchBar.jsx
FN:5,SearchBar
FN:17,(anonymous_1)
FNF:2
FNH:2
FNDA:30,SearchBar
FNDA:3,(anonymous_1)
DA:6,30
DA:8,30
DA:18,3
DA:19,3
DA:26,3
DA:37,3
LF:6
LH:6
BRF:0
BRH:0
end_of_record
TN:
SF:src\components\SelectFile.jsx
FN:4,SelectFile
FN:5,(anonymous_1)
FNF:2
FNH:2
FNDA:13,SelectFile
FNDA:4,(anonymous_1)
DA:5,13
DA:6,4
DA:7,4
DA:9,1
DA:17,13
DA:26,3
DA:31,3
LF:7
LH:7
BRF:0
BRH:0
end_of_record
TN:
SF:src\components\SignOutButton.jsx
FN:6,SignOutButton
FN:9,(anonymous_1)
FNF:2
FNH:2
FNDA:3,SignOutButton
FNDA:1,(anonymous_1)
DA:7,3
DA:9,3
DA:10,1
DA:11,1
DA:14,3
DA:23,2
LF:6
LH:6
BRF:0
BRH:0
end_of_record
TN:
SF:src\components\StarRating.jsx
FN:5,StarRating
FN:11,(anonymous_1)
FNF:2
FNH:2
FNDA:5,StarRating
FNDA:25,(anonymous_1)
DA:7,5
DA:9,5
DA:12,25
DA:14,25
DA:15,17
DA:26,8
DA:40,4
LF:7
LH:7
BRDA:14,0,0,17
BRDA:14,0,1,8
BRF:2
BRH:2
end_of_record
TN:
SF:src\components\StoreInput.jsx
FN:5,StoreInput
FNF:1
FNH:1
FNDA:76,StoreInput
DA:11,76
DA:24,4
DA:38,4
DA:45,4
LF:4
LH:4
BRF:0
BRH:0
end_of_record
TN:
SF:src\components\StoreList.jsx
FN:6,StoreList
FN:10,(anonymous_1)
FN:11,(anonymous_2)
FNF:3
FNH:3
FNDA:17,StoreList
FNDA:17,(anonymous_1)
FNDA:11,(anonymous_2)
DA:7,17
DA:10,17
DA:12,11
DA:50,3
DA:74,3
LF:5
LH:5
BRDA:18,0,0,0
BRDA:18,0,1,11
BRDA:24,1,0,4
BRDA:24,1,1,7
BRF:4
BRH:3
end_of_record
TN:
SF:src\components\UploadButton.jsx
FN:12,UploadButton
FN:15,(anonymous_1)
FNF:2
FNH:2
FNDA:33,UploadButton
FNDA:5,(anonymous_1)
DA:13,33
DA:15,33
DA:16,5
DA:18,5
DA:19,5
DA:20,4
DA:22,1
DA:28,5
DA:32,33
DA:48,3
DA:53,3
LF:11
LH:11
BRDA:32,0,0,4
BRDA:32,0,1,29
BRF:2
BRH:2
end_of_record
TN:
SF:src\services\fetchPlaceDetails.js
FN:1,fetchPlaceDetails
FNF:1
FNH:0
FNDA:0,fetchPlaceDetails
DA:3,0
DA:5,0
DA:6,0
DA:8,0
DA:9,0
DA:11,0
LF:6
LH:0
BRDA:8,0,0,0
BRDA:8,0,1,0
BRF:2
BRH:0
end_of_record
TN:
SF:src\services\fetchPlaceId.js
FN:1,fetchPlaceId
FNF:1
FNH:0
FNDA:0,fetchPlaceId
DA:3,0
DA:5,0
DA:7,0
DA:10,0
DA:15,0
DA:18,0
DA:20,0
LF:7
LH:0
BRDA:15,0,0,0
BRDA:15,0,1,0
BRDA:15,1,0,0
BRDA:15,1,1,0
BRF:4
BRH:0
end_of_record
TN:
SF:src\utils\dijkstra.js
FN:3,dijkstra
FN:16,(anonymous_1)
FN:32,(anonymous_2)
FN:53,distance
FNF:4
FNH:4
FNDA:3,dijkstra
FNDA:7,(anonymous_1)
FNDA:12,(anonymous_2)
FNDA:5,distance
DA:4,3
DA:5,3
DA:6,3
DA:7,3
DA:9,3
DA:10,6
DA:11,6
DA:13,3
DA:15,3
DA:16,6
DA:17,7
DA:18,0
DA:20,7
DA:22,6
DA:23,1
DA:24,1
DA:25,2
DA:26,2
DA:28,1
DA:29,1
DA:31,5
DA:32,12
DA:34,5
DA:35,8
DA:37,5
DA:42,5
DA:43,3
DA:44,3
DA:49,2
DA:54,5
DA:55,5
DA:56,5
LF:32
LH:31
BRDA:17,0,0,0
BRDA:17,0,1,7
BRDA:22,1,0,1
BRDA:22,1,1,5
BRDA:22,2,0,6
BRDA:22,2,1,2
BRDA:35,3,0,5
BRDA:35,3,1,3
BRDA:42,4,0,3
BRDA:42,4,1,2
BRF:10
BRH:9
end_of_record
TN:
SF:src\utils\handleImage.js
FN:1,handleImage
FNF:1
FNH:0
FNDA:0,handleImage
DA:2,0
DA:3,0
LF:2
LH:0
BRF:0
BRH:0
end_of_record
TN:
SF:src\utils\handleSearch.js
FN:1,handleSearch
FN:3,(anonymous_1)
FNF:2
FNH:2
FNDA:5,handleSearch
FNDA:17,(anonymous_1)
DA:2,5
DA:3,5
DA:4,17
DA:7,5
LF:4
LH:4
BRF:0
BRH:0
end_of_record
